This is pdfTeX, Version 3.14159265-2.6-1.40.17 (MiKTeX 2.9) (preloaded format=pdflatex 2016.6.25)  15 DEC 2016 01:45
entering extended mode
**./thesis.tex
(thesis.tex
LaTeX2e <2016/03/31>
Babel <3.9r> and hyphenation patterns for 75 language(s) loaded.
("C:\Program Files (x86)\MiKTeX 2.9\tex\latex\base\report.cls"
Document Class: report 2014/09/29 v1.4h Standard LaTeX document class
("C:\Program Files (x86)\MiKTeX 2.9\tex\latex\base\size12.clo"
File: size12.clo 2014/09/29 v1.4h Standard LaTeX file (size option)
)
\c@part=\count79
\c@chapter=\count80
\c@section=\count81
\c@subsection=\count82
\c@subsubsection=\count83
\c@paragraph=\count84
\c@subparagraph=\count85
\c@figure=\count86
\c@table=\count87
\abovecaptionskip=\skip41
\belowcaptionskip=\skip42
\bibindent=\dimen102
)
(C:\Users\Alejandro\AppData\Roaming\MiKTeX\2.9\tex\latex\listings\listings.sty
("C:\Program Files (x86)\MiKTeX 2.9\tex\latex\graphics\keyval.sty"
Package: keyval 2014/10/28 v1.15 key=value parser (DPC)
\KV@toks@=\toks14
)
\lst@mode=\count88
\lst@gtempboxa=\box26
\lst@token=\toks15
\lst@length=\count89
\lst@currlwidth=\dimen103
\lst@column=\count90
\lst@pos=\count91
\lst@lostspace=\dimen104
\lst@width=\dimen105
\lst@newlines=\count92
\lst@lineno=\count93
\lst@maxwidth=\dimen106

(C:\Users\Alejandro\AppData\Roaming\MiKTeX\2.9\tex\latex\listings\lstmisc.sty
File: lstmisc.sty 2015/06/04 1.6 (Carsten Heinz)
\c@lstnumber=\count94
\lst@skipnumbers=\count95
\lst@framebox=\box27
)
(C:\Users\Alejandro\AppData\Roaming\MiKTeX\2.9\tex\latex\listings\listings.cfg
File: listings.cfg 2015/06/04 1.6 listings configuration
))
Package: listings 2015/06/04 1.6 (Carsten Heinz)

(C:\Users\Alejandro\AppData\Roaming\MiKTeX\2.9\tex\latex\algorithmicx\algpseudo
code.sty
Package: algpseudocode 
 ("C:\Program Files (x86)\MiKTeX 2.9\tex\latex\base\ifthen.sty"
Package: ifthen 2014/09/29 v1.1c Standard LaTeX ifthen package (DPC)
)
(C:\Users\Alejandro\AppData\Roaming\MiKTeX\2.9\tex\latex\algorithmicx\algorithm
icx.sty
Package: algorithmicx 2005/04/27 v1.2 Algorithmicx

Document Style algorithmicx 1.2 - a greatly improved `algorithmic' style
\c@ALG@line=\count96
\c@ALG@rem=\count97
\c@ALG@nested=\count98
\ALG@tlm=\skip43
\ALG@thistlm=\skip44
\c@ALG@Lnr=\count99
\c@ALG@blocknr=\count100
\c@ALG@storecount=\count101
\c@ALG@tmpcounter=\count102
\ALG@tmplength=\skip45
)
Document Style - pseudocode environments for use with the `algorithmicx' style
)
(C:\Users\Alejandro\AppData\Roaming\MiKTeX\2.9\tex\latex\algorithms\algorithm.s
ty
Package: algorithm 2009/08/24 v0.1 Document Style `algorithm' - floating enviro
nment
 ("C:\Program Files (x86)\MiKTeX 2.9\tex\latex\float\float.sty"
Package: float 2001/11/08 v1.3d Float enhancements (AL)
\c@float@type=\count103
\float@exts=\toks16
\float@box=\box28
\@float@everytoks=\toks17
\@floatcapt=\box29
)
\@float@every@algorithm=\toks18
\c@algorithm=\count104
)
("C:\Program Files (x86)\MiKTeX 2.9\tex\latex\tools\longtable.sty"
Package: longtable 2014/10/28 v4.11 Multi-page Table package (DPC)
\LTleft=\skip46
\LTright=\skip47
\LTpre=\skip48
\LTpost=\skip49
\LTchunksize=\count105
\LTcapwidth=\dimen107
\LT@head=\box30
\LT@firsthead=\box31
\LT@foot=\box32
\LT@lastfoot=\box33
\LT@cols=\count106
\LT@rows=\count107
\c@LT@tables=\count108
\c@LT@chunks=\count109
\LT@p@ftn=\toks19
)
("C:\Program Files (x86)\MiKTeX 2.9\tex\latex\oberdiek\pdflscape.sty"
Package: pdflscape 2016/05/14 v0.11 Display of landscape pages in PDF (HO)

("C:\Program Files (x86)\MiKTeX 2.9\tex\latex\graphics\lscape.sty"
Package: lscape 2000/10/22 v3.01 Landscape Pages (DPC)

("C:\Program Files (x86)\MiKTeX 2.9\tex\latex\graphics\graphics.sty"
Package: graphics 2016/05/09 v1.0r Standard LaTeX Graphics (DPC,SPQR)

("C:\Program Files (x86)\MiKTeX 2.9\tex\latex\graphics\trig.sty"
Package: trig 2016/01/03 v1.10 sin cos tan (DPC)
)
("C:\Program Files (x86)\MiKTeX 2.9\tex\latex\00miktex\graphics.cfg"
File: graphics.cfg 2016/01/02 v1.10 sample graphics configuration
)
Package graphics Info: Driver file: pdftex.def on input line 96.

("C:\Program Files (x86)\MiKTeX 2.9\tex\latex\pdftex-def\pdftex.def"
File: pdftex.def 2011/05/27 v0.06d Graphics/color for pdfTeX

("C:\Program Files (x86)\MiKTeX 2.9\tex\generic\oberdiek\infwarerr.sty"
Package: infwarerr 2016/05/16 v1.4 Providing info/warning/error messages (HO)
)
("C:\Program Files (x86)\MiKTeX 2.9\tex\generic\oberdiek\ltxcmds.sty"
Package: ltxcmds 2016/05/16 v1.23 LaTeX kernel commands for general use (HO)
)
\Gread@gobject=\count110
)))
("C:\Program Files (x86)\MiKTeX 2.9\tex\generic\oberdiek\ifpdf.sty"
Package: ifpdf 2016/05/14 v3.1 Provides the ifpdf switch
)
Package pdflscape Info: Auto-detected driver: pdftex on input line 81.

("C:\Program Files (x86)\MiKTeX 2.9\tex\generic\ifxetex\ifxetex.sty"
Package: ifxetex 2010/09/12 v0.6 Provides ifxetex conditional
))
(C:\Users\Alejandro\AppData\Roaming\MiKTeX\2.9\tex\latex\epsf\epsf.sty
This is `epsf.tex' v2.7.4 <14 February 2011>
\epsffilein=\read1
\epsfframemargin=\dimen108
\epsfframethickness=\dimen109
\epsfrsize=\dimen110
\epsftmp=\dimen111
\epsftsize=\dimen112
\epsfxsize=\dimen113
\epsfysize=\dimen114
\pspoints=\dimen115
) ("C:\Program Files (x86)\MiKTeX 2.9\tex\latex\graphics\graphicx.sty"
Package: graphicx 2014/10/28 v1.0g Enhanced LaTeX Graphics (DPC,SPQR)
\Gin@req@height=\dimen116
\Gin@req@width=\dimen117
)
("C:\Program Files (x86)\MiKTeX 2.9\tex\latex\graphics\epsfig.sty"
Package: epsfig 1999/02/16 v1.7a (e)psfig emulation (SPQR)
\epsfxsize=\dimen118
\epsfysize=\dimen119
)
("C:\Program Files (x86)\MiKTeX 2.9\tex\latex\base\latexsym.sty"
Package: latexsym 1998/08/17 v2.2e Standard LaTeX package (lasy symbols)
\symlasy=\mathgroup4
LaTeX Font Info:    Overwriting symbol font `lasy' in version `bold'
(Font)                  U/lasy/m/n --> U/lasy/b/n on input line 52.
)
("C:\Program Files (x86)\MiKTeX 2.9\tex\latex\amsfonts\amssymb.sty"
Package: amssymb 2013/01/14 v3.01 AMS font symbols

("C:\Program Files (x86)\MiKTeX 2.9\tex\latex\amsfonts\amsfonts.sty"
Package: amsfonts 2013/01/14 v3.01 Basic AMSFonts support
\@emptytoks=\toks20
\symAMSa=\mathgroup5
\symAMSb=\mathgroup6
LaTeX Font Info:    Overwriting math alphabet `\mathfrak' in version `bold'
(Font)                  U/euf/m/n --> U/euf/b/n on input line 106.
))
(C:\Users\Alejandro\AppData\Roaming\MiKTeX\2.9\tex\latex\setspace\setspace.sty
Package: setspace 2011/12/19 v6.7a set line spacing
) (C:\Users\Alejandro\AppData\Roaming\MiKTeX\2.9\tex\latex\cite\cite.sty
LaTeX Info: Redefining \cite on input line 302.
LaTeX Info: Redefining \nocite on input line 332.
Package: cite 2015/02/27  v 5.5
)
(C:\Users\Alejandro\AppData\Roaming\MiKTeX\2.9\tex\latex\xcolor\xcolor.sty
Package: xcolor 2016/05/11 v2.12 LaTeX color extensions (UK)

("C:\Program Files (x86)\MiKTeX 2.9\tex\latex\00miktex\color.cfg"
File: color.cfg 2016/01/02 v1.6 sample color configuration
)
Package xcolor Info: Driver file: pdftex.def on input line 225.

(C:\Users\Alejandro\AppData\Roaming\MiKTeX\2.9\tex\latex\colortbl\colortbl.sty
Package: colortbl 2012/02/13 v1.0a Color table columns (DPC)

("C:\Program Files (x86)\MiKTeX 2.9\tex\latex\tools\array.sty"
Package: array 2014/10/28 v2.4c Tabular extension package (FMi)
\col@sep=\dimen120
\extrarowheight=\dimen121
\NC@list=\toks21
\extratabsurround=\skip50
\backup@length=\skip51
)
\everycr=\toks22
\minrowclearance=\skip52
)
\rownum=\count111
Package xcolor Info: Model `cmy' substituted by `cmy0' on input line 1348.
Package xcolor Info: Model `hsb' substituted by `rgb' on input line 1352.
Package xcolor Info: Model `RGB' extended on input line 1364.
Package xcolor Info: Model `HTML' substituted by `rgb' on input line 1366.
Package xcolor Info: Model `Hsb' substituted by `hsb' on input line 1367.
Package xcolor Info: Model `tHsb' substituted by `hsb' on input line 1368.
Package xcolor Info: Model `HSB' substituted by `hsb' on input line 1369.
Package xcolor Info: Model `Gray' substituted by `gray' on input line 1370.
Package xcolor Info: Model `wave' substituted by `hsb' on input line 1371.
)
(C:\Users\Alejandro\AppData\Roaming\MiKTeX\2.9\tex\latex\pgf\frontendlayer\tikz
.sty
(C:\Users\Alejandro\AppData\Roaming\MiKTeX\2.9\tex\latex\pgf\basiclayer\pgf.sty

(C:\Users\Alejandro\AppData\Roaming\MiKTeX\2.9\tex\latex\pgf\utilities\pgfrcs.s
ty
(C:\Users\Alejandro\AppData\Roaming\MiKTeX\2.9\tex\generic\pgf\utilities\pgfuti
l-common.tex
\pgfutil@everybye=\toks23
\pgfutil@tempdima=\dimen122
\pgfutil@tempdimb=\dimen123

(C:\Users\Alejandro\AppData\Roaming\MiKTeX\2.9\tex\generic\pgf\utilities\pgfuti
l-common-lists.tex))
(C:\Users\Alejandro\AppData\Roaming\MiKTeX\2.9\tex\generic\pgf\utilities\pgfuti
l-latex.def
\pgfutil@abb=\box34

(C:\Users\Alejandro\AppData\Roaming\MiKTeX\2.9\tex\latex\ms\everyshi.sty
Package: everyshi 2001/05/15 v3.00 EveryShipout Package (MS)
))
(C:\Users\Alejandro\AppData\Roaming\MiKTeX\2.9\tex\generic\pgf\utilities\pgfrcs
.code.tex
Package: pgfrcs 2015/08/07 v3.0.1a (rcs-revision 1.31)
))
Package: pgf 2015/08/07 v3.0.1a (rcs-revision 1.15)

(C:\Users\Alejandro\AppData\Roaming\MiKTeX\2.9\tex\latex\pgf\basiclayer\pgfcore
.sty
(C:\Users\Alejandro\AppData\Roaming\MiKTeX\2.9\tex\latex\pgf\systemlayer\pgfsys
.sty
(C:\Users\Alejandro\AppData\Roaming\MiKTeX\2.9\tex\generic\pgf\systemlayer\pgfs
ys.code.tex
Package: pgfsys 2014/07/09 v3.0.1a (rcs-revision 1.48)

(C:\Users\Alejandro\AppData\Roaming\MiKTeX\2.9\tex\generic\pgf\utilities\pgfkey
s.code.tex
\pgfkeys@pathtoks=\toks24
\pgfkeys@temptoks=\toks25

(C:\Users\Alejandro\AppData\Roaming\MiKTeX\2.9\tex\generic\pgf\utilities\pgfkey
sfiltered.code.tex
\pgfkeys@tmptoks=\toks26
))
\pgf@x=\dimen124
\pgf@y=\dimen125
\pgf@xa=\dimen126
\pgf@ya=\dimen127
\pgf@xb=\dimen128
\pgf@yb=\dimen129
\pgf@xc=\dimen130
\pgf@yc=\dimen131
\w@pgf@writea=\write3
\r@pgf@reada=\read2
\c@pgf@counta=\count112
\c@pgf@countb=\count113
\c@pgf@countc=\count114
\c@pgf@countd=\count115
\t@pgf@toka=\toks27
\t@pgf@tokb=\toks28
\t@pgf@tokc=\toks29

(C:\Users\Alejandro\AppData\Roaming\MiKTeX\2.9\tex\generic\pgf\systemlayer\pgf.
cfg
File: pgf.cfg 2008/05/14  (rcs-revision 1.7)
)
Driver file for pgf: pgfsys-pdftex.def

(C:\Users\Alejandro\AppData\Roaming\MiKTeX\2.9\tex\generic\pgf\systemlayer\pgfs
ys-pdftex.def
File: pgfsys-pdftex.def 2014/10/11  (rcs-revision 1.35)

(C:\Users\Alejandro\AppData\Roaming\MiKTeX\2.9\tex\generic\pgf\systemlayer\pgfs
ys-common-pdf.def
File: pgfsys-common-pdf.def 2013/10/10  (rcs-revision 1.13)
)))
(C:\Users\Alejandro\AppData\Roaming\MiKTeX\2.9\tex\generic\pgf\systemlayer\pgfs
yssoftpath.code.tex
File: pgfsyssoftpath.code.tex 2013/09/09  (rcs-revision 1.9)
\pgfsyssoftpath@smallbuffer@items=\count116
\pgfsyssoftpath@bigbuffer@items=\count117
)
(C:\Users\Alejandro\AppData\Roaming\MiKTeX\2.9\tex\generic\pgf\systemlayer\pgfs
ysprotocol.code.tex
File: pgfsysprotocol.code.tex 2006/10/16  (rcs-revision 1.4)
))
(C:\Users\Alejandro\AppData\Roaming\MiKTeX\2.9\tex\generic\pgf\basiclayer\pgfco
re.code.tex
Package: pgfcore 2010/04/11 v3.0.1a (rcs-revision 1.7)

(C:\Users\Alejandro\AppData\Roaming\MiKTeX\2.9\tex\generic\pgf\math\pgfmath.cod
e.tex
(C:\Users\Alejandro\AppData\Roaming\MiKTeX\2.9\tex\generic\pgf\math\pgfmathcalc
.code.tex
(C:\Users\Alejandro\AppData\Roaming\MiKTeX\2.9\tex\generic\pgf\math\pgfmathutil
.code.tex)
(C:\Users\Alejandro\AppData\Roaming\MiKTeX\2.9\tex\generic\pgf\math\pgfmathpars
er.code.tex
\pgfmath@dimen=\dimen132
\pgfmath@count=\count118
\pgfmath@box=\box35
\pgfmath@toks=\toks30
\pgfmath@stack@operand=\toks31
\pgfmath@stack@operation=\toks32
)
(C:\Users\Alejandro\AppData\Roaming\MiKTeX\2.9\tex\generic\pgf\math\pgfmathfunc
tions.code.tex
(C:\Users\Alejandro\AppData\Roaming\MiKTeX\2.9\tex\generic\pgf\math\pgfmathfunc
tions.basic.code.tex)
(C:\Users\Alejandro\AppData\Roaming\MiKTeX\2.9\tex\generic\pgf\math\pgfmathfunc
tions.trigonometric.code.tex)
(C:\Users\Alejandro\AppData\Roaming\MiKTeX\2.9\tex\generic\pgf\math\pgfmathfunc
tions.random.code.tex)
(C:\Users\Alejandro\AppData\Roaming\MiKTeX\2.9\tex\generic\pgf\math\pgfmathfunc
tions.comparison.code.tex)
(C:\Users\Alejandro\AppData\Roaming\MiKTeX\2.9\tex\generic\pgf\math\pgfmathfunc
tions.base.code.tex)
(C:\Users\Alejandro\AppData\Roaming\MiKTeX\2.9\tex\generic\pgf\math\pgfmathfunc
tions.round.code.tex)
(C:\Users\Alejandro\AppData\Roaming\MiKTeX\2.9\tex\generic\pgf\math\pgfmathfunc
tions.misc.code.tex)
(C:\Users\Alejandro\AppData\Roaming\MiKTeX\2.9\tex\generic\pgf\math\pgfmathfunc
tions.integerarithmetics.code.tex)))
(C:\Users\Alejandro\AppData\Roaming\MiKTeX\2.9\tex\generic\pgf\math\pgfmathfloa
t.code.tex
\c@pgfmathroundto@lastzeros=\count119
))
(C:\Users\Alejandro\AppData\Roaming\MiKTeX\2.9\tex\generic\pgf\basiclayer\pgfco
repoints.code.tex
File: pgfcorepoints.code.tex 2013/10/07  (rcs-revision 1.27)
\pgf@picminx=\dimen133
\pgf@picmaxx=\dimen134
\pgf@picminy=\dimen135
\pgf@picmaxy=\dimen136
\pgf@pathminx=\dimen137
\pgf@pathmaxx=\dimen138
\pgf@pathminy=\dimen139
\pgf@pathmaxy=\dimen140
\pgf@xx=\dimen141
\pgf@xy=\dimen142
\pgf@yx=\dimen143
\pgf@yy=\dimen144
\pgf@zx=\dimen145
\pgf@zy=\dimen146
)
(C:\Users\Alejandro\AppData\Roaming\MiKTeX\2.9\tex\generic\pgf\basiclayer\pgfco
repathconstruct.code.tex
File: pgfcorepathconstruct.code.tex 2013/10/07  (rcs-revision 1.29)
\pgf@path@lastx=\dimen147
\pgf@path@lasty=\dimen148
)
(C:\Users\Alejandro\AppData\Roaming\MiKTeX\2.9\tex\generic\pgf\basiclayer\pgfco
repathusage.code.tex
File: pgfcorepathusage.code.tex 2014/11/02  (rcs-revision 1.24)
\pgf@shorten@end@additional=\dimen149
\pgf@shorten@start@additional=\dimen150
)
(C:\Users\Alejandro\AppData\Roaming\MiKTeX\2.9\tex\generic\pgf\basiclayer\pgfco
rescopes.code.tex
File: pgfcorescopes.code.tex 2015/05/08  (rcs-revision 1.46)
\pgfpic=\box36
\pgf@hbox=\box37
\pgf@layerbox@main=\box38
\pgf@picture@serial@count=\count120
)
(C:\Users\Alejandro\AppData\Roaming\MiKTeX\2.9\tex\generic\pgf\basiclayer\pgfco
regraphicstate.code.tex
File: pgfcoregraphicstate.code.tex 2014/11/02  (rcs-revision 1.12)
\pgflinewidth=\dimen151
)
(C:\Users\Alejandro\AppData\Roaming\MiKTeX\2.9\tex\generic\pgf\basiclayer\pgfco
retransformations.code.tex
File: pgfcoretransformations.code.tex 2015/08/07  (rcs-revision 1.20)
\pgf@pt@x=\dimen152
\pgf@pt@y=\dimen153
\pgf@pt@temp=\dimen154
)
(C:\Users\Alejandro\AppData\Roaming\MiKTeX\2.9\tex\generic\pgf\basiclayer\pgfco
requick.code.tex
File: pgfcorequick.code.tex 2008/10/09  (rcs-revision 1.3)
)
(C:\Users\Alejandro\AppData\Roaming\MiKTeX\2.9\tex\generic\pgf\basiclayer\pgfco
reobjects.code.tex
File: pgfcoreobjects.code.tex 2006/10/11  (rcs-revision 1.2)
)
(C:\Users\Alejandro\AppData\Roaming\MiKTeX\2.9\tex\generic\pgf\basiclayer\pgfco
repathprocessing.code.tex
File: pgfcorepathprocessing.code.tex 2013/09/09  (rcs-revision 1.9)
)
(C:\Users\Alejandro\AppData\Roaming\MiKTeX\2.9\tex\generic\pgf\basiclayer\pgfco
rearrows.code.tex
File: pgfcorearrows.code.tex 2015/05/14  (rcs-revision 1.43)
\pgfarrowsep=\dimen155
)
(C:\Users\Alejandro\AppData\Roaming\MiKTeX\2.9\tex\generic\pgf\basiclayer\pgfco
reshade.code.tex
File: pgfcoreshade.code.tex 2013/07/15  (rcs-revision 1.15)
\pgf@max=\dimen156
\pgf@sys@shading@range@num=\count121
)
(C:\Users\Alejandro\AppData\Roaming\MiKTeX\2.9\tex\generic\pgf\basiclayer\pgfco
reimage.code.tex
File: pgfcoreimage.code.tex 2013/07/15  (rcs-revision 1.18)

(C:\Users\Alejandro\AppData\Roaming\MiKTeX\2.9\tex\generic\pgf\basiclayer\pgfco
reexternal.code.tex
File: pgfcoreexternal.code.tex 2014/07/09  (rcs-revision 1.21)
\pgfexternal@startupbox=\box39
))
(C:\Users\Alejandro\AppData\Roaming\MiKTeX\2.9\tex\generic\pgf\basiclayer\pgfco
relayers.code.tex
File: pgfcorelayers.code.tex 2013/07/18  (rcs-revision 1.7)
)
(C:\Users\Alejandro\AppData\Roaming\MiKTeX\2.9\tex\generic\pgf\basiclayer\pgfco
retransparency.code.tex
File: pgfcoretransparency.code.tex 2013/09/30  (rcs-revision 1.5)
)
(C:\Users\Alejandro\AppData\Roaming\MiKTeX\2.9\tex\generic\pgf\basiclayer\pgfco
repatterns.code.tex
File: pgfcorepatterns.code.tex 2013/11/07  (rcs-revision 1.5)
)))
(C:\Users\Alejandro\AppData\Roaming\MiKTeX\2.9\tex\generic\pgf\modules\pgfmodul
eshapes.code.tex
File: pgfmoduleshapes.code.tex 2014/03/21  (rcs-revision 1.35)
\pgfnodeparttextbox=\box40
)
(C:\Users\Alejandro\AppData\Roaming\MiKTeX\2.9\tex\generic\pgf\modules\pgfmodul
eplot.code.tex
File: pgfmoduleplot.code.tex 2015/08/03  (rcs-revision 1.13)
)
(C:\Users\Alejandro\AppData\Roaming\MiKTeX\2.9\tex\latex\pgf\compatibility\pgfc
omp-version-0-65.sty
Package: pgfcomp-version-0-65 2007/07/03 v3.0.1a (rcs-revision 1.7)
\pgf@nodesepstart=\dimen157
\pgf@nodesepend=\dimen158
)
(C:\Users\Alejandro\AppData\Roaming\MiKTeX\2.9\tex\latex\pgf\compatibility\pgfc
omp-version-1-18.sty
Package: pgfcomp-version-1-18 2007/07/23 v3.0.1a (rcs-revision 1.1)
))
(C:\Users\Alejandro\AppData\Roaming\MiKTeX\2.9\tex\latex\pgf\utilities\pgffor.s
ty
(C:\Users\Alejandro\AppData\Roaming\MiKTeX\2.9\tex\latex\pgf\utilities\pgfkeys.
sty
(C:\Users\Alejandro\AppData\Roaming\MiKTeX\2.9\tex\generic\pgf\utilities\pgfkey
s.code.tex))
(C:\Users\Alejandro\AppData\Roaming\MiKTeX\2.9\tex\latex\pgf\math\pgfmath.sty
(C:\Users\Alejandro\AppData\Roaming\MiKTeX\2.9\tex\generic\pgf\math\pgfmath.cod
e.tex))
(C:\Users\Alejandro\AppData\Roaming\MiKTeX\2.9\tex\generic\pgf\utilities\pgffor
.code.tex
Package: pgffor 2013/12/13 v3.0.1a (rcs-revision 1.25)

(C:\Users\Alejandro\AppData\Roaming\MiKTeX\2.9\tex\generic\pgf\math\pgfmath.cod
e.tex)
\pgffor@iter=\dimen159
\pgffor@skip=\dimen160
\pgffor@stack=\toks33
\pgffor@toks=\toks34
))
(C:\Users\Alejandro\AppData\Roaming\MiKTeX\2.9\tex\generic\pgf\frontendlayer\ti
kz\tikz.code.tex
Package: tikz 2015/08/07 v3.0.1a (rcs-revision 1.151)

(C:\Users\Alejandro\AppData\Roaming\MiKTeX\2.9\tex\generic\pgf\libraries\pgflib
raryplothandlers.code.tex
File: pgflibraryplothandlers.code.tex 2013/08/31 v3.0.1a (rcs-revision 1.20)
\pgf@plot@mark@count=\count122
\pgfplotmarksize=\dimen161
)
\tikz@lastx=\dimen162
\tikz@lasty=\dimen163
\tikz@lastxsaved=\dimen164
\tikz@lastysaved=\dimen165
\tikzleveldistance=\dimen166
\tikzsiblingdistance=\dimen167
\tikz@figbox=\box41
\tikz@figbox@bg=\box42
\tikz@tempbox=\box43
\tikz@tempbox@bg=\box44
\tikztreelevel=\count123
\tikznumberofchildren=\count124
\tikznumberofcurrentchild=\count125
\tikz@fig@count=\count126

(C:\Users\Alejandro\AppData\Roaming\MiKTeX\2.9\tex\generic\pgf\modules\pgfmodul
ematrix.code.tex
File: pgfmodulematrix.code.tex 2013/09/17  (rcs-revision 1.8)
\pgfmatrixcurrentrow=\count127
\pgfmatrixcurrentcolumn=\count128
\pgf@matrix@numberofcolumns=\count129
)
\tikz@expandcount=\count130

(C:\Users\Alejandro\AppData\Roaming\MiKTeX\2.9\tex\generic\pgf\frontendlayer\ti
kz\libraries\tikzlibrarytopaths.code.tex
File: tikzlibrarytopaths.code.tex 2008/06/17 v3.0.1a (rcs-revision 1.2)
)))
("C:\Program Files (x86)\MiKTeX 2.9\tex\latex\psnfss\helvet.sty"
Package: helvet 2005/04/12 PSNFSS-v9.2a (WaS) 
)
\@float@every@table=\toks35

(C:\Users\Alejandro\AppData\Roaming\MiKTeX\2.9\tex\generic\pgf\frontendlayer\ti
kz\libraries\tikzlibraryshapes.geometric.code.tex
File: tikzlibraryshapes.geometric.code.tex 2008/01/09 v3.0.1a (rcs-revision 1.1
)

(C:\Users\Alejandro\AppData\Roaming\MiKTeX\2.9\tex\generic\pgf\libraries\shapes
\pgflibraryshapes.geometric.code.tex
File: pgflibraryshapes.geometric.code.tex 2008/06/26 v3.0.1a (rcs-revision 1.1)

))
(C:\Users\Alejandro\AppData\Roaming\MiKTeX\2.9\tex\generic\pgf\frontendlayer\ti
kz\libraries\tikzlibraryarrows.code.tex
File: tikzlibraryarrows.code.tex 2008/01/09 v3.0.1a (rcs-revision 1.1)

(C:\Users\Alejandro\AppData\Roaming\MiKTeX\2.9\tex\generic\pgf\libraries\pgflib
raryarrows.code.tex
File: pgflibraryarrows.code.tex 2013/09/23 v3.0.1a (rcs-revision 1.16)
\arrowsize=\dimen168
))
(C:\Users\Alejandro\AppData\Roaming\MiKTeX\2.9\tex\generic\pgf\frontendlayer\ti
kz\libraries\tikzlibraryshapes.code.tex
File: tikzlibraryshapes.code.tex 2008/01/09 v3.0.1a (rcs-revision 1.1)

(C:\Users\Alejandro\AppData\Roaming\MiKTeX\2.9\tex\generic\pgf\frontendlayer\ti
kz\libraries\tikzlibraryshapes.misc.code.tex
File: tikzlibraryshapes.misc.code.tex 2008/01/09 v3.0.1a (rcs-revision 1.1)

(C:\Users\Alejandro\AppData\Roaming\MiKTeX\2.9\tex\generic\pgf\libraries\shapes
\pgflibraryshapes.misc.code.tex
File: pgflibraryshapes.misc.code.tex 2013/07/18 v3.0.1a (rcs-revision 1.5)
))
(C:\Users\Alejandro\AppData\Roaming\MiKTeX\2.9\tex\generic\pgf\frontendlayer\ti
kz\libraries\tikzlibraryshapes.symbols.code.tex
File: tikzlibraryshapes.symbols.code.tex 2008/01/09 v3.0.1a (rcs-revision 1.1)

(C:\Users\Alejandro\AppData\Roaming\MiKTeX\2.9\tex\generic\pgf\libraries\shapes
\pgflibraryshapes.symbols.code.tex
File: pgflibraryshapes.symbols.code.tex 2013/09/11 v3.0.1a (rcs-revision 1.6)
))
(C:\Users\Alejandro\AppData\Roaming\MiKTeX\2.9\tex\generic\pgf\frontendlayer\ti
kz\libraries\tikzlibraryshapes.arrows.code.tex
File: tikzlibraryshapes.arrows.code.tex 2008/01/09 v3.0.1a (rcs-revision 1.1)

(C:\Users\Alejandro\AppData\Roaming\MiKTeX\2.9\tex\generic\pgf\libraries\shapes
\pgflibraryshapes.arrows.code.tex
File: pgflibraryshapes.arrows.code.tex 2008/06/26 v3.0.1a (rcs-revision 1.1)
))
(C:\Users\Alejandro\AppData\Roaming\MiKTeX\2.9\tex\generic\pgf\frontendlayer\ti
kz\libraries\tikzlibraryshapes.callouts.code.tex
(C:\Users\Alejandro\AppData\Roaming\MiKTeX\2.9\tex\generic\pgf\libraries\shapes
\pgflibraryshapes.callouts.code.tex))
(C:\Users\Alejandro\AppData\Roaming\MiKTeX\2.9\tex\generic\pgf\frontendlayer\ti
kz\libraries\tikzlibraryshapes.multipart.code.tex
File: tikzlibraryshapes.multipart.code.tex 2008/01/09 v3.0.1a (rcs-revision 1.1
)

(C:\Users\Alejandro\AppData\Roaming\MiKTeX\2.9\tex\generic\pgf\libraries\shapes
\pgflibraryshapes.multipart.code.tex
File: pgflibraryshapes.multipart.code.tex 2010/01/07 v3.0.1a (rcs-revision 1.2)

\pgfnodepartlowerbox=\box45
\pgfnodeparttwobox=\box46
\pgfnodepartthreebox=\box47
\pgfnodepartfourbox=\box48
\pgfnodeparttwentybox=\box49
\pgfnodepartnineteenbox=\box50
\pgfnodeparteighteenbox=\box51
\pgfnodepartseventeenbox=\box52
\pgfnodepartsixteenbox=\box53
\pgfnodepartfifteenbox=\box54
\pgfnodepartfourteenbox=\box55
\pgfnodepartthirteenbox=\box56
\pgfnodeparttwelvebox=\box57
\pgfnodepartelevenbox=\box58
\pgfnodeparttenbox=\box59
\pgfnodepartninebox=\box60
\pgfnodeparteightbox=\box61
\pgfnodepartsevenbox=\box62
\pgfnodepartsixbox=\box63
\pgfnodepartfivebox=\box64
)))
("C:\Program Files (x86)\MiKTeX 2.9\tex\latex\tools\verbatim.sty"
Package: verbatim 2014/10/28 v1.5q LaTeX2e package for verbatim enhancements
\every@verbatim=\toks36
\verbatim@line=\toks37
\verbatim@in@stream=\read3
)
(C:\Users\Alejandro\AppData\Roaming\MiKTeX\2.9\tex\latex\comment\comment.sty
\CommentStream=\write4

Excluding comment 'comment')
(C:\Users\Alejandro\AppData\Roaming\MiKTeX\2.9\tex\latex\wrapfig\wrapfig.sty
\wrapoverhang=\dimen169
\WF@size=\dimen170
\c@WF@wrappedlines=\count131
\WF@box=\box65
\WF@everypar=\toks38
Package: wrapfig 2003/01/31  v 3.6
)
("C:\Program Files (x86)\MiKTeX 2.9\tex\latex\base\alltt.sty"
Package: alltt 1997/06/16 v2.0g defines alltt environment
)
("C:\Program Files (x86)\MiKTeX 2.9\tex\generic\babel\babel.sty"
Package: babel 2016/04/23 3.9r The Babel package

*************************************
* Local config file bblopts.cfg used
*
(C:\Users\Alejandro\AppData\Roaming\MiKTeX\2.9\tex\latex\arabi\bblopts.cfg
File: bblopts.cfg 2005/09/08 v0.1 add Arabic and Farsi to "declared" options of
 babel
)
("C:\Program Files (x86)\MiKTeX 2.9\tex\latex\babel-spanish\spanish.ldf"
Language: spanish.ldf 2016/03/03 v5.0p Spanish support from the babel system

("C:\Program Files (x86)\MiKTeX 2.9\tex\generic\babel\babel.def"
File: babel.def 2016/04/23 3.9r Babel common definitions
\babel@savecnt=\count132
\U@D=\dimen171
)
\es@quottoks=\toks39
\es@quotdepth=\count133
Package babel Info: Making " an active character on input line 561.
Package babel Info: Making . an active character on input line 662.
Package babel Info: Making ' an active character on input line 725.
))
(C:\Users\Alejandro\AppData\Roaming\MiKTeX\2.9\tex\latex\beamer\base\translator
\translator.sty
Package: translator 2010/06/12 ver 1.10

(C:\Users\Alejandro\AppData\Roaming\MiKTeX\2.9\tex\latex\beamer\base\translator
\translator-language-mappings.tex))
("C:\Program Files (x86)\MiKTeX 2.9\tex\latex\base\inputenc.sty"
Package: inputenc 2015/03/17 v1.2c Input encoding file
\inpenc@prehook=\toks40
\inpenc@posthook=\toks41

("C:\Program Files (x86)\MiKTeX 2.9\tex\latex\base\utf8.def"
File: utf8.def 2016/02/28 v1.1s UTF-8 support for inputenc
Now handling font encoding OML ...
... no UTF-8 mapping file for font encoding OML
Now handling font encoding T1 ...
... processing UTF-8 mapping file for font encoding T1

("C:\Program Files (x86)\MiKTeX 2.9\tex\latex\base\t1enc.dfu"
File: t1enc.dfu 2016/02/28 v1.1s UTF-8 support for inputenc
   defining Unicode char U+00A0 (decimal 160)
   defining Unicode char U+00A1 (decimal 161)
   defining Unicode char U+00A3 (decimal 163)
   defining Unicode char U+00AB (decimal 171)
   defining Unicode char U+00AD (decimal 173)
   defining Unicode char U+00BB (decimal 187)
   defining Unicode char U+00BF (decimal 191)
   defining Unicode char U+00C0 (decimal 192)
   defining Unicode char U+00C1 (decimal 193)
   defining Unicode char U+00C2 (decimal 194)
   defining Unicode char U+00C3 (decimal 195)
   defining Unicode char U+00C4 (decimal 196)
   defining Unicode char U+00C5 (decimal 197)
   defining Unicode char U+00C6 (decimal 198)
   defining Unicode char U+00C7 (decimal 199)
   defining Unicode char U+00C8 (decimal 200)
   defining Unicode char U+00C9 (decimal 201)
   defining Unicode char U+00CA (decimal 202)
   defining Unicode char U+00CB (decimal 203)
   defining Unicode char U+00CC (decimal 204)
   defining Unicode char U+00CD (decimal 205)
   defining Unicode char U+00CE (decimal 206)
   defining Unicode char U+00CF (decimal 207)
   defining Unicode char U+00D0 (decimal 208)
   defining Unicode char U+00D1 (decimal 209)
   defining Unicode char U+00D2 (decimal 210)
   defining Unicode char U+00D3 (decimal 211)
   defining Unicode char U+00D4 (decimal 212)
   defining Unicode char U+00D5 (decimal 213)
   defining Unicode char U+00D6 (decimal 214)
   defining Unicode char U+00D8 (decimal 216)
   defining Unicode char U+00D9 (decimal 217)
   defining Unicode char U+00DA (decimal 218)
   defining Unicode char U+00DB (decimal 219)
   defining Unicode char U+00DC (decimal 220)
   defining Unicode char U+00DD (decimal 221)
   defining Unicode char U+00DE (decimal 222)
   defining Unicode char U+00DF (decimal 223)
   defining Unicode char U+00E0 (decimal 224)
   defining Unicode char U+00E1 (decimal 225)
   defining Unicode char U+00E2 (decimal 226)
   defining Unicode char U+00E3 (decimal 227)
   defining Unicode char U+00E4 (decimal 228)
   defining Unicode char U+00E5 (decimal 229)
   defining Unicode char U+00E6 (decimal 230)
   defining Unicode char U+00E7 (decimal 231)
   defining Unicode char U+00E8 (decimal 232)
   defining Unicode char U+00E9 (decimal 233)
   defining Unicode char U+00EA (decimal 234)
   defining Unicode char U+00EB (decimal 235)
   defining Unicode char U+00EC (decimal 236)
   defining Unicode char U+00ED (decimal 237)
   defining Unicode char U+00EE (decimal 238)
   defining Unicode char U+00EF (decimal 239)
   defining Unicode char U+00F0 (decimal 240)
   defining Unicode char U+00F1 (decimal 241)
   defining Unicode char U+00F2 (decimal 242)
   defining Unicode char U+00F3 (decimal 243)
   defining Unicode char U+00F4 (decimal 244)
   defining Unicode char U+00F5 (decimal 245)
   defining Unicode char U+00F6 (decimal 246)
   defining Unicode char U+00F8 (decimal 248)
   defining Unicode char U+00F9 (decimal 249)
   defining Unicode char U+00FA (decimal 250)
   defining Unicode char U+00FB (decimal 251)
   defining Unicode char U+00FC (decimal 252)
   defining Unicode char U+00FD (decimal 253)
   defining Unicode char U+00FE (decimal 254)
   defining Unicode char U+00FF (decimal 255)
   defining Unicode char U+0100 (decimal 256)
   defining Unicode char U+0101 (decimal 257)
   defining Unicode char U+0102 (decimal 258)
   defining Unicode char U+0103 (decimal 259)
   defining Unicode char U+0104 (decimal 260)
   defining Unicode char U+0105 (decimal 261)
   defining Unicode char U+0106 (decimal 262)
   defining Unicode char U+0107 (decimal 263)
   defining Unicode char U+0108 (decimal 264)
   defining Unicode char U+0109 (decimal 265)
   defining Unicode char U+010A (decimal 266)
   defining Unicode char U+010B (decimal 267)
   defining Unicode char U+010C (decimal 268)
   defining Unicode char U+010D (decimal 269)
   defining Unicode char U+010E (decimal 270)
   defining Unicode char U+010F (decimal 271)
   defining Unicode char U+0110 (decimal 272)
   defining Unicode char U+0111 (decimal 273)
   defining Unicode char U+0112 (decimal 274)
   defining Unicode char U+0113 (decimal 275)
   defining Unicode char U+0114 (decimal 276)
   defining Unicode char U+0115 (decimal 277)
   defining Unicode char U+0116 (decimal 278)
   defining Unicode char U+0117 (decimal 279)
   defining Unicode char U+0118 (decimal 280)
   defining Unicode char U+0119 (decimal 281)
   defining Unicode char U+011A (decimal 282)
   defining Unicode char U+011B (decimal 283)
   defining Unicode char U+011C (decimal 284)
   defining Unicode char U+011D (decimal 285)
   defining Unicode char U+011E (decimal 286)
   defining Unicode char U+011F (decimal 287)
   defining Unicode char U+0120 (decimal 288)
   defining Unicode char U+0121 (decimal 289)
   defining Unicode char U+0122 (decimal 290)
   defining Unicode char U+0123 (decimal 291)
   defining Unicode char U+0124 (decimal 292)
   defining Unicode char U+0125 (decimal 293)
   defining Unicode char U+0128 (decimal 296)
   defining Unicode char U+0129 (decimal 297)
   defining Unicode char U+012A (decimal 298)
   defining Unicode char U+012B (decimal 299)
   defining Unicode char U+012C (decimal 300)
   defining Unicode char U+012D (decimal 301)
   defining Unicode char U+012E (decimal 302)
   defining Unicode char U+012F (decimal 303)
   defining Unicode char U+0130 (decimal 304)
   defining Unicode char U+0131 (decimal 305)
   defining Unicode char U+0132 (decimal 306)
   defining Unicode char U+0133 (decimal 307)
   defining Unicode char U+0134 (decimal 308)
   defining Unicode char U+0135 (decimal 309)
   defining Unicode char U+0136 (decimal 310)
   defining Unicode char U+0137 (decimal 311)
   defining Unicode char U+0139 (decimal 313)
   defining Unicode char U+013A (decimal 314)
   defining Unicode char U+013B (decimal 315)
   defining Unicode char U+013C (decimal 316)
   defining Unicode char U+013D (decimal 317)
   defining Unicode char U+013E (decimal 318)
   defining Unicode char U+0141 (decimal 321)
   defining Unicode char U+0142 (decimal 322)
   defining Unicode char U+0143 (decimal 323)
   defining Unicode char U+0144 (decimal 324)
   defining Unicode char U+0145 (decimal 325)
   defining Unicode char U+0146 (decimal 326)
   defining Unicode char U+0147 (decimal 327)
   defining Unicode char U+0148 (decimal 328)
   defining Unicode char U+014A (decimal 330)
   defining Unicode char U+014B (decimal 331)
   defining Unicode char U+014C (decimal 332)
   defining Unicode char U+014D (decimal 333)
   defining Unicode char U+014E (decimal 334)
   defining Unicode char U+014F (decimal 335)
   defining Unicode char U+0150 (decimal 336)
   defining Unicode char U+0151 (decimal 337)
   defining Unicode char U+0152 (decimal 338)
   defining Unicode char U+0153 (decimal 339)
   defining Unicode char U+0154 (decimal 340)
   defining Unicode char U+0155 (decimal 341)
   defining Unicode char U+0156 (decimal 342)
   defining Unicode char U+0157 (decimal 343)
   defining Unicode char U+0158 (decimal 344)
   defining Unicode char U+0159 (decimal 345)
   defining Unicode char U+015A (decimal 346)
   defining Unicode char U+015B (decimal 347)
   defining Unicode char U+015C (decimal 348)
   defining Unicode char U+015D (decimal 349)
   defining Unicode char U+015E (decimal 350)
   defining Unicode char U+015F (decimal 351)
   defining Unicode char U+0160 (decimal 352)
   defining Unicode char U+0161 (decimal 353)
   defining Unicode char U+0162 (decimal 354)
   defining Unicode char U+0163 (decimal 355)
   defining Unicode char U+0164 (decimal 356)
   defining Unicode char U+0165 (decimal 357)
   defining Unicode char U+0168 (decimal 360)
   defining Unicode char U+0169 (decimal 361)
   defining Unicode char U+016A (decimal 362)
   defining Unicode char U+016B (decimal 363)
   defining Unicode char U+016C (decimal 364)
   defining Unicode char U+016D (decimal 365)
   defining Unicode char U+016E (decimal 366)
   defining Unicode char U+016F (decimal 367)
   defining Unicode char U+0170 (decimal 368)
   defining Unicode char U+0171 (decimal 369)
   defining Unicode char U+0172 (decimal 370)
   defining Unicode char U+0173 (decimal 371)
   defining Unicode char U+0174 (decimal 372)
   defining Unicode char U+0175 (decimal 373)
   defining Unicode char U+0176 (decimal 374)
   defining Unicode char U+0177 (decimal 375)
   defining Unicode char U+0178 (decimal 376)
   defining Unicode char U+0179 (decimal 377)
   defining Unicode char U+017A (decimal 378)
   defining Unicode char U+017B (decimal 379)
   defining Unicode char U+017C (decimal 380)
   defining Unicode char U+017D (decimal 381)
   defining Unicode char U+017E (decimal 382)
   defining Unicode char U+01CD (decimal 461)
   defining Unicode char U+01CE (decimal 462)
   defining Unicode char U+01CF (decimal 463)
   defining Unicode char U+01D0 (decimal 464)
   defining Unicode char U+01D1 (decimal 465)
   defining Unicode char U+01D2 (decimal 466)
   defining Unicode char U+01D3 (decimal 467)
   defining Unicode char U+01D4 (decimal 468)
   defining Unicode char U+01E2 (decimal 482)
   defining Unicode char U+01E3 (decimal 483)
   defining Unicode char U+01E6 (decimal 486)
   defining Unicode char U+01E7 (decimal 487)
   defining Unicode char U+01E8 (decimal 488)
   defining Unicode char U+01E9 (decimal 489)
   defining Unicode char U+01EA (decimal 490)
   defining Unicode char U+01EB (decimal 491)
   defining Unicode char U+01F0 (decimal 496)
   defining Unicode char U+01F4 (decimal 500)
   defining Unicode char U+01F5 (decimal 501)
   defining Unicode char U+0218 (decimal 536)
   defining Unicode char U+0219 (decimal 537)
   defining Unicode char U+021A (decimal 538)
   defining Unicode char U+021B (decimal 539)
   defining Unicode char U+1E02 (decimal 7682)
   defining Unicode char U+1E03 (decimal 7683)
   defining Unicode char U+200C (decimal 8204)
   defining Unicode char U+2010 (decimal 8208)
   defining Unicode char U+2011 (decimal 8209)
   defining Unicode char U+2012 (decimal 8210)
   defining Unicode char U+2013 (decimal 8211)
   defining Unicode char U+2014 (decimal 8212)
   defining Unicode char U+2015 (decimal 8213)
   defining Unicode char U+2018 (decimal 8216)
   defining Unicode char U+2019 (decimal 8217)
   defining Unicode char U+201A (decimal 8218)
   defining Unicode char U+201C (decimal 8220)
   defining Unicode char U+201D (decimal 8221)
   defining Unicode char U+201E (decimal 8222)
   defining Unicode char U+2030 (decimal 8240)
   defining Unicode char U+2031 (decimal 8241)
   defining Unicode char U+2039 (decimal 8249)
   defining Unicode char U+203A (decimal 8250)
   defining Unicode char U+2423 (decimal 9251)
)
Now handling font encoding OT1 ...
... processing UTF-8 mapping file for font encoding OT1

("C:\Program Files (x86)\MiKTeX 2.9\tex\latex\base\ot1enc.dfu"
File: ot1enc.dfu 2016/02/28 v1.1s UTF-8 support for inputenc
   defining Unicode char U+00A0 (decimal 160)
   defining Unicode char U+00A1 (decimal 161)
   defining Unicode char U+00A3 (decimal 163)
   defining Unicode char U+00AD (decimal 173)
   defining Unicode char U+00B8 (decimal 184)
   defining Unicode char U+00BF (decimal 191)
   defining Unicode char U+00C5 (decimal 197)
   defining Unicode char U+00C6 (decimal 198)
   defining Unicode char U+00D8 (decimal 216)
   defining Unicode char U+00DF (decimal 223)
   defining Unicode char U+00E6 (decimal 230)
   defining Unicode char U+00EC (decimal 236)
   defining Unicode char U+00ED (decimal 237)
   defining Unicode char U+00EE (decimal 238)
   defining Unicode char U+00EF (decimal 239)
   defining Unicode char U+00F8 (decimal 248)
   defining Unicode char U+0131 (decimal 305)
   defining Unicode char U+0141 (decimal 321)
   defining Unicode char U+0142 (decimal 322)
   defining Unicode char U+0152 (decimal 338)
   defining Unicode char U+0153 (decimal 339)
   defining Unicode char U+0174 (decimal 372)
   defining Unicode char U+0175 (decimal 373)
   defining Unicode char U+0176 (decimal 374)
   defining Unicode char U+0177 (decimal 375)
   defining Unicode char U+0218 (decimal 536)
   defining Unicode char U+0219 (decimal 537)
   defining Unicode char U+021A (decimal 538)
   defining Unicode char U+021B (decimal 539)
   defining Unicode char U+2013 (decimal 8211)
   defining Unicode char U+2014 (decimal 8212)
   defining Unicode char U+2018 (decimal 8216)
   defining Unicode char U+2019 (decimal 8217)
   defining Unicode char U+201C (decimal 8220)
   defining Unicode char U+201D (decimal 8221)
)
Now handling font encoding OMS ...
... processing UTF-8 mapping file for font encoding OMS

("C:\Program Files (x86)\MiKTeX 2.9\tex\latex\base\omsenc.dfu"
File: omsenc.dfu 2016/02/28 v1.1s UTF-8 support for inputenc
   defining Unicode char U+00A7 (decimal 167)
   defining Unicode char U+00B6 (decimal 182)
   defining Unicode char U+00B7 (decimal 183)
   defining Unicode char U+2020 (decimal 8224)
   defining Unicode char U+2021 (decimal 8225)
   defining Unicode char U+2022 (decimal 8226)
)
Now handling font encoding OMX ...
... no UTF-8 mapping file for font encoding OMX
Now handling font encoding U ...
... no UTF-8 mapping file for font encoding U
   defining Unicode char U+00A9 (decimal 169)
   defining Unicode char U+00AA (decimal 170)
   defining Unicode char U+00AE (decimal 174)
   defining Unicode char U+00BA (decimal 186)
   defining Unicode char U+02C6 (decimal 710)
   defining Unicode char U+02DC (decimal 732)
   defining Unicode char U+200C (decimal 8204)
   defining Unicode char U+2026 (decimal 8230)
   defining Unicode char U+2122 (decimal 8482)
   defining Unicode char U+2423 (decimal 9251)
))
("C:\Program Files (x86)\MiKTeX 2.9\tex\latex\multirow\multirow.sty"
\bigstrutjot=\dimen172
)
(C:\Users\Alejandro\AppData\Roaming\MiKTeX\2.9\tex\latex\subfig\subfig.sty
Package: subfig 2005/06/28 ver: 1.3 subfig package

(C:\Users\Alejandro\AppData\Roaming\MiKTeX\2.9\tex\latex\caption\caption.sty
Package: caption 2016/02/21 v3.3-144 Customizing captions (AR)

(C:\Users\Alejandro\AppData\Roaming\MiKTeX\2.9\tex\latex\caption\caption3.sty
Package: caption3 2016/05/22 v1.7-166 caption3 kernel (AR)
Package caption3 Info: TeX engine: e-TeX on input line 67.
\captionmargin=\dimen173
\captionmargin@=\dimen174
\captionwidth=\dimen175
\caption@tempdima=\dimen176
\caption@indent=\dimen177
\caption@parindent=\dimen178
\caption@hangindent=\dimen179
)
\c@ContinuedFloat=\count134
Package caption Info: float package is loaded.
Package caption Info: listings package is loaded.
Package caption Info: longtable package is loaded.

(C:\Users\Alejandro\AppData\Roaming\MiKTeX\2.9\tex\latex\caption\ltcaption.sty
Package: ltcaption 2013/06/09 v1.4-94 longtable captions (AR)
)
Package caption Info: wrapfig package is loaded.
)
\c@KVtest=\count135
\sf@farskip=\skip53
\sf@captopadj=\dimen180
\sf@capskip=\skip54
\sf@nearskip=\skip55
\c@subfigure=\count136
\c@subfigure@save=\count137
\c@lofdepth=\count138
\c@subtable=\count139
\c@subtable@save=\count140
\c@lotdepth=\count141
\sf@top=\skip56
\sf@bottom=\skip57
) ("C:\Program Files (x86)\MiKTeX 2.9\tex\latex\base\fontenc.sty"
Package: fontenc 2005/09/27 v1.99g Standard LaTeX package

("C:\Program Files (x86)\MiKTeX 2.9\tex\latex\base\ot1enc.def"
File: ot1enc.def 2005/09/27 v1.99g Standard LaTeX file
LaTeX Font Info:    Redeclaring font encoding OT1 on input line 48.
))
(C:\Users\Alejandro\AppData\Roaming\MiKTeX\2.9\tex\latex\tocbibind\tocbibind.st
y
Package: tocbibind 2010/10/13 v1.5k extra ToC listings
Package tocbibind Info: The document has chapter divisions on input line 50.


Package tocbibind Note: Using chapter style headings, unless overridden.

) ("C:\Program Files (x86)\MiKTeX 2.9\tex\latex\ltxmisc\anysize.sty"
Package: anysize 1994/08/13 1.0 Contributed LaTeX2e package

Package: `anysize' 1.0 <1994/08/13>
\@Leftmargin=\dimen181
\@Rightmargin=\dimen182
\@Topmargin=\dimen183
\@Bottommargin=\dimen184
)
(C:\Users\Alejandro\AppData\Roaming\MiKTeX\2.9\tex\latex\pdfpages\pdfpages.sty
Package: pdfpages 2016/04/19 v0.5f Insert pages of external PDF documents (AM)

("C:\Program Files (x86)\MiKTeX 2.9\tex\latex\tools\calc.sty"
Package: calc 2014/10/28 v4.3 Infix arithmetic (KKT,FJ)
\calc@Acount=\count142
\calc@Bcount=\count143
\calc@Adimen=\dimen185
\calc@Bdimen=\dimen186
\calc@Askip=\skip58
\calc@Bskip=\skip59
LaTeX Info: Redefining \setlength on input line 80.
LaTeX Info: Redefining \addtolength on input line 81.
\calc@Ccount=\count144
\calc@Cskip=\skip60
)
(C:\Users\Alejandro\AppData\Roaming\MiKTeX\2.9\tex\latex\eso-pic\eso-pic.sty
Package: eso-pic 2015/07/21 v2.0g eso-pic (RN)

("C:\Program Files (x86)\MiKTeX 2.9\tex\generic\oberdiek\atbegshi.sty"
Package: atbegshi 2016/05/16 v1.17 At begin shipout hook (HO)
))
\AM@pagewidth=\dimen187
\AM@pageheight=\dimen188

(C:\Users\Alejandro\AppData\Roaming\MiKTeX\2.9\tex\latex\pdfpages\pppdftex.def
File: pppdftex.def 2016/04/19 v0.5f Pdfpages driver for pdfTeX (AM)
)
\AM@pagebox=\box66
\AM@global@opts=\toks42
\AM@toc@title=\toks43
\c@AM@survey=\count145
\AM@templatesizebox=\box67
)
(C:\Users\Alejandro\AppData\Roaming\MiKTeX\2.9\tex\latex\glossaries\base\glossa
ries.sty
Package: glossaries 2016/10/12 v4.26 (NLCT)
 ("C:\Program Files (x86)\MiKTeX 2.9\tex\latex\xkeyval\xkeyval.sty"
Package: xkeyval 2014/12/03 v2.7a package option processing (HA)

("C:\Program Files (x86)\MiKTeX 2.9\tex\generic\xkeyval\xkeyval.tex"
("C:\Program Files (x86)\MiKTeX 2.9\tex\generic\xkeyval\xkvutils.tex"
\XKV@toks=\toks44
\XKV@tempa@toks=\toks45
)
\XKV@depth=\count146
File: xkeyval.tex 2014/12/03 v2.7a key=value parser (HA)
))
(C:\Users\Alejandro\AppData\Roaming\MiKTeX\2.9\tex\latex\mfirstuc\mfirstuc.sty
Package: mfirstuc 2016/07/31 v2.04 (NLCT)

(C:\Users\Alejandro\AppData\Roaming\MiKTeX\2.9\tex\latex\etoolbox\etoolbox.sty
Package: etoolbox 2015/08/02 v2.2a e-TeX tools for LaTeX (JAW)
\etb@tempcnta=\count147
)
\@glsmfirst=\toks46
\@glsmrest=\toks47
)
(C:\Users\Alejandro\AppData\Roaming\MiKTeX\2.9\tex\latex\textcase\textcase.sty
Package: textcase 2004/10/07 v0.07 Text only upper/lower case changing (DPC)
) (C:\Users\Alejandro\AppData\Roaming\MiKTeX\2.9\tex\latex\xfor\xfor.sty
Package: xfor 2009/02/05 v1.05 (NLCT)
)
(C:\Users\Alejandro\AppData\Roaming\MiKTeX\2.9\tex\latex\datatool\datatool-base
.sty
Package: datatool-base 2016/07/28 v2.27 (NLCT)
 ("C:\Program Files (x86)\MiKTeX 2.9\tex\latex\amsmath\amsmath.sty"
Package: amsmath 2016/03/10 v2.15b AMS math features
\@mathmargin=\skip61

For additional information on amsmath, use the `?' option.
("C:\Program Files (x86)\MiKTeX 2.9\tex\latex\amsmath\amstext.sty"
Package: amstext 2000/06/29 v2.01 AMS text

("C:\Program Files (x86)\MiKTeX 2.9\tex\latex\amsmath\amsgen.sty"
File: amsgen.sty 1999/11/30 v2.0 generic functions
\@emptytoks=\toks48
\ex@=\dimen189
))
("C:\Program Files (x86)\MiKTeX 2.9\tex\latex\amsmath\amsbsy.sty"
Package: amsbsy 1999/11/29 v1.2d Bold Symbols
\pmbraise@=\dimen190
)
("C:\Program Files (x86)\MiKTeX 2.9\tex\latex\amsmath\amsopn.sty"
Package: amsopn 2016/03/08 v2.02 operator names
)
\inf@bad=\count148
LaTeX Info: Redefining \frac on input line 199.
\uproot@=\count149
\leftroot@=\count150
LaTeX Info: Redefining \overline on input line 297.
\classnum@=\count151
\DOTSCASE@=\count152
LaTeX Info: Redefining \ldots on input line 394.
LaTeX Info: Redefining \dots on input line 397.
LaTeX Info: Redefining \cdots on input line 518.
\Mathstrutbox@=\box68
\strutbox@=\box69
\big@size=\dimen191
LaTeX Font Info:    Redeclaring font encoding OML on input line 634.
LaTeX Font Info:    Redeclaring font encoding OMS on input line 635.
\macc@depth=\count153
\c@MaxMatrixCols=\count154
\dotsspace@=\muskip10
\c@parentequation=\count155
\dspbrk@lvl=\count156
\tag@help=\toks49
\row@=\count157
\column@=\count158
\maxfields@=\count159
\andhelp@=\toks50
\eqnshift@=\dimen192
\alignsep@=\dimen193
\tagshift@=\dimen194
\tagwidth@=\dimen195
\totwidth@=\dimen196
\lineht@=\dimen197
\@envbody=\toks51
\multlinegap=\skip62
\multlinetaggap=\skip63
\mathdisplay@stack=\toks52
LaTeX Info: Redefining \[ on input line 2739.
LaTeX Info: Redefining \] on input line 2740.
)
(C:\Users\Alejandro\AppData\Roaming\MiKTeX\2.9\tex\latex\substr\substr.sty
Package: substr 2009/10/20 v1.2 Handle substrings
\c@su@anzahl=\count160
)
(C:\Users\Alejandro\AppData\Roaming\MiKTeX\2.9\tex\latex\datatool\datatool-fp.s
ty
Package: datatool-fp 2016/07/28 v2.27 (NLCT)
 (C:\Users\Alejandro\AppData\Roaming\MiKTeX\2.9\tex\latex\fp\fp.sty
Package: fp 1995/04/02

`Fixed Point Package', Version 0.8, April 2, 1995 (C) Michael Mehlich
(C:\Users\Alejandro\AppData\Roaming\MiKTeX\2.9\tex\latex\fp\defpattern.sty
Package: defpattern 1994/10/12
\actioncount=\count161
)
(C:\Users\Alejandro\AppData\Roaming\MiKTeX\2.9\tex\latex\fp\fp-basic.sty
Package: fp-basic 1996/05/13
\FP@xs=\count162
\FP@xia=\count163
\FP@xib=\count164
\FP@xfa=\count165
\FP@xfb=\count166
\FP@rega=\count167
\FP@regb=\count168
\FP@regs=\count169
\FP@times=\count170
)
(C:\Users\Alejandro\AppData\Roaming\MiKTeX\2.9\tex\latex\fp\fp-addons.sty
Package: fp-addons 1995/03/15
)
(C:\Users\Alejandro\AppData\Roaming\MiKTeX\2.9\tex\latex\fp\fp-snap.sty
Package: fp-snap 1995/04/05
)
(C:\Users\Alejandro\AppData\Roaming\MiKTeX\2.9\tex\latex\fp\fp-exp.sty
Package: fp-exp 1995/04/03
)
(C:\Users\Alejandro\AppData\Roaming\MiKTeX\2.9\tex\latex\fp\fp-trigo.sty
Package: fp-trigo 1995/04/14
)
(C:\Users\Alejandro\AppData\Roaming\MiKTeX\2.9\tex\latex\fp\fp-pas.sty
Package: fp-pas 1994/08/29
)
(C:\Users\Alejandro\AppData\Roaming\MiKTeX\2.9\tex\latex\fp\fp-random.sty
Package: fp-random 1995/02/23
\FPseed=\count171
)
(C:\Users\Alejandro\AppData\Roaming\MiKTeX\2.9\tex\latex\fp\fp-eqn.sty
Package: fp-eqn 1995/04/03
)
(C:\Users\Alejandro\AppData\Roaming\MiKTeX\2.9\tex\latex\fp\fp-upn.sty
Package: fp-upn 1996/10/21
)
(C:\Users\Alejandro\AppData\Roaming\MiKTeX\2.9\tex\latex\fp\fp-eval.sty
Package: fp-eval 1995/04/03
)))
\@dtl@toks=\toks53
\@dtl@tmpcount=\count172
\dtl@tmplength=\skip64
\dtl@sortresult=\count173
\@dtl@numgrpsepcount=\count174
\@dtl@datatype=\count175
\dtl@codeA=\count176
\dtl@codeB=\count177
\@dtl@foreach@level=\count178
)
(C:\Users\Alejandro\AppData\Roaming\MiKTeX\2.9\tex\latex\glossaries\base\glossa
ries-compatible-307.sty
Package: glossaries-compatible-307 2016/10/12 v4.26 (NLCT)
)
(C:\Users\Alejandro\AppData\Roaming\MiKTeX\2.9\tex\latex\tracklang\tracklang.st
y
Package: tracklang 2016/10/11 v1.3.2 (NLCT) Track Languages

(C:\Users\Alejandro\AppData\Roaming\MiKTeX\2.9\tex\generic\tracklang\tracklang.
tex))
(C:\Users\Alejandro\AppData\Roaming\MiKTeX\2.9\tex\latex\glossaries-spanish\glo
ssaries-spanish.ldf
File: glossaries-spanish.ldf 2014/11/23 v1.0

(C:\Users\Alejandro\AppData\Roaming\MiKTeX\2.9\tex\latex\glossaries-spanish\glo
ssaries-spanish-utf8.ldf))
\gls@level=\count179
\@gls@tmpb=\toks54
\gls@tmplen=\skip65
\glskeylisttok=\toks55
\glslabeltok=\toks56
\glsshorttok=\toks57
\glslongtok=\toks58

(C:\Users\Alejandro\AppData\Roaming\MiKTeX\2.9\tex\latex\glossaries\styles\glos
sary-hypernav.sty
Package: glossary-hypernav 2016/10/12 v4.26 (NLCT)
)
(C:\Users\Alejandro\AppData\Roaming\MiKTeX\2.9\tex\latex\glossaries\styles\glos
sary-list.sty
Package: glossary-list 2016/10/12 v4.26 (NLCT)
\glslistdottedwidth=\skip66
)
(C:\Users\Alejandro\AppData\Roaming\MiKTeX\2.9\tex\latex\glossaries\styles\glos
sary-long.sty
Package: glossary-long 2016/10/12 v4.26 (NLCT)
\glsdescwidth=\skip67
\glspagelistwidth=\skip68
)
(C:\Users\Alejandro\AppData\Roaming\MiKTeX\2.9\tex\latex\glossaries\styles\glos
sary-super.sty
Package: glossary-super 2016/10/12 v4.26 (NLCT)

(C:\Users\Alejandro\AppData\Roaming\MiKTeX\2.9\tex\latex\supertabular\supertabu
lar.sty
Package: supertabular 2004/02/20 v4.1e the supertabular environment
\c@tracingst=\count180
\ST@wd=\dimen198
\ST@rightskip=\skip69
\ST@leftskip=\skip70
\ST@parfillskip=\skip71
\ST@pageleft=\dimen199
\ST@headht=\dimen256
\ST@tailht=\dimen257
\ST@pagesofar=\dimen258
\ST@pboxht=\dimen259
\ST@lineht=\dimen260
\ST@stretchht=\dimen261
\ST@prevht=\dimen262
\ST@toadd=\dimen263
\ST@dimen=\dimen264
\ST@pbox=\box70
))
(C:\Users\Alejandro\AppData\Roaming\MiKTeX\2.9\tex\latex\glossaries\styles\glos
sary-tree.sty
Package: glossary-tree 2016/10/12 v4.26 (NLCT)
\glstreeindent=\skip72
))
(C:\Users\Alejandro\AppData\Roaming\MiKTeX\2.9\tex\latex\url\url.sty
\Urlmuskip=\muskip11
Package: url 2013/09/16  ver 3.4  Verb mode for urls, etc.
)
("C:\Program Files (x86)\MiKTeX 2.9\tex\latex\amscls\amsthm.sty"
Package: amsthm 2015/03/04 v2.20.2
\thm@style=\toks59
\thm@bodyfont=\toks60
\thm@headfont=\toks61
\thm@notefont=\toks62
\thm@headpunct=\toks63
\thm@preskip=\skip73
\thm@postskip=\skip74
\thm@headsep=\skip75
\dth@everypar=\toks64
)
(C:\Users\Alejandro\AppData\Roaming\MiKTeX\2.9\tex\latex\fancyhdr\fancyhdr.sty
Package: fancyhdr 2016/09/06 3.8 Extensive control of page headers and footers
\fancy@headwidth=\skip76
\f@ncyO@elh=\skip77
\f@ncyO@erh=\skip78
\f@ncyO@olh=\skip79
\f@ncyO@orh=\skip80
\f@ncyO@elf=\skip81
\f@ncyO@erf=\skip82
\f@ncyO@olf=\skip83
\f@ncyO@orf=\skip84
) (C:\Users\Alejandro\AppData\Roaming\MiKTeX\2.9\tex\latex\fancyvrb\fancyvrb.st
y
Package: fancyvrb 2008/02/07

Style option: `fancyvrb' v2.7a, with DG/SPQR fixes, and firstline=lastline fix 
<2008/02/07> (tvz)
\FV@CodeLineNo=\count181
\FV@InFile=\read4
\FV@TabBox=\box71
\c@FancyVerbLine=\count182
\FV@StepNumber=\count183
\FV@OutFile=\write5
)
("C:\Program Files (x86)\MiKTeX 2.9\tex\latex\base\makeidx.sty"
Package: makeidx 2014/09/29 v1.0m Standard LaTeX package
)
\@indexfile=\write6
\openout6 = `thesis.idx'.


Writing index file thesis.idx
\c@definicion=\count184
\c@teorema=\count185
\c@lema=\count186
("C:\Program Files (x86)\MiKTeX 2.9\tex\latex\hyperref\hyperref.sty"
Package: hyperref 2016/05/21 v6.83p Hypertext links for LaTeX

("C:\Program Files (x86)\MiKTeX 2.9\tex\generic\oberdiek\hobsub-hyperref.sty"
Package: hobsub-hyperref 2016/05/16 v1.14 Bundle oberdiek, subset hyperref (HO)


("C:\Program Files (x86)\MiKTeX 2.9\tex\generic\oberdiek\hobsub-generic.sty"
Package: hobsub-generic 2016/05/16 v1.14 Bundle oberdiek, subset generic (HO)
Package: hobsub 2016/05/16 v1.14 Construct package bundles (HO)
Package hobsub Info: Skipping package `infwarerr' (already loaded).
Package hobsub Info: Skipping package `ltxcmds' (already loaded).
Package: ifluatex 2016/05/16 v1.4 Provides the ifluatex switch (HO)
Package ifluatex Info: LuaTeX not detected.
Package: ifvtex 2016/05/16 v1.6 Detect VTeX and its facilities (HO)
Package ifvtex Info: VTeX not detected.
Package: intcalc 2016/05/16 v1.2 Expandable calculations with integers (HO)
Package hobsub Info: Skipping package `ifpdf' (already loaded).
Package: etexcmds 2016/05/16 v1.6 Avoid name clashes with e-TeX commands (HO)
Package etexcmds Info: Could not find \expanded.
(etexcmds)             That can mean that you are not using pdfTeX 1.50 or
(etexcmds)             that some package has redefined \expanded.
(etexcmds)             In the latter case, load this package earlier.
Package: kvsetkeys 2016/05/16 v1.17 Key value parser (HO)
Package: kvdefinekeys 2016/05/16 v1.4 Define keys (HO)
Package: pdftexcmds 2016/05/21 v0.22 Utility functions of pdfTeX for LuaTeX (HO
)
Package pdftexcmds Info: LuaTeX not detected.
Package pdftexcmds Info: \pdf@primitive is available.
Package pdftexcmds Info: \pdf@ifprimitive is available.
Package pdftexcmds Info: \pdfdraftmode found.
Package: pdfescape 2016/05/16 v1.14 Implements pdfTeX's escape features (HO)
Package: bigintcalc 2016/05/16 v1.4 Expandable calculations on big integers (HO
)
Package: bitset 2016/05/16 v1.2 Handle bit-vector datatype (HO)
Package: uniquecounter 2016/05/16 v1.3 Provide unlimited unique counter (HO)
)
Package hobsub Info: Skipping package `hobsub' (already loaded).
Package: letltxmacro 2016/05/16 v1.5 Let assignment for LaTeX macros (HO)
Package: hopatch 2016/05/16 v1.3 Wrapper for package hooks (HO)
Package: xcolor-patch 2016/05/16 xcolor patch
Package: atveryend 2016/05/16 v1.9 Hooks at the very end of document (HO)
Package hobsub Info: Skipping package `atbegshi' (already loaded).
Package: refcount 2016/05/16 v3.5 Data extraction from label references (HO)
Package: hycolor 2016/05/16 v1.8 Color options for hyperref/bookmark (HO)
)
("C:\Program Files (x86)\MiKTeX 2.9\tex\latex\oberdiek\auxhook.sty"
Package: auxhook 2016/05/16 v1.4 Hooks for auxiliary files (HO)
)
("C:\Program Files (x86)\MiKTeX 2.9\tex\latex\oberdiek\kvoptions.sty"
Package: kvoptions 2016/05/16 v3.12 Key value format for package options (HO)
)
\@linkdim=\dimen265
\Hy@linkcounter=\count187
\Hy@pagecounter=\count188

("C:\Program Files (x86)\MiKTeX 2.9\tex\latex\hyperref\pd1enc.def"
File: pd1enc.def 2016/05/21 v6.83p Hyperref: PDFDocEncoding definition (HO)
Now handling font encoding PD1 ...
... no UTF-8 mapping file for font encoding PD1
)
\Hy@SavedSpaceFactor=\count189

("C:\Program Files (x86)\MiKTeX 2.9\tex\latex\00miktex\hyperref.cfg"
File: hyperref.cfg 2002/06/06 v1.2 hyperref configuration of TeXLive
)
Package hyperref Info: Hyper figures OFF on input line 4486.
Package hyperref Info: Link nesting OFF on input line 4491.
Package hyperref Info: Hyper index ON on input line 4494.
Package hyperref Info: Plain pages OFF on input line 4501.
Package hyperref Info: Backreferencing OFF on input line 4506.
Package hyperref Info: Implicit mode ON; LaTeX internals redefined.
Package hyperref Info: Bookmarks ON on input line 4735.
\c@Hy@tempcnt=\count190
LaTeX Info: Redefining \url on input line 5088.
\XeTeXLinkMargin=\dimen266
\Fld@menulength=\count191
\Field@Width=\dimen267
\Fld@charsize=\dimen268
Package hyperref Info: Hyper figures OFF on input line 6342.
Package hyperref Info: Link nesting OFF on input line 6347.
Package hyperref Info: Hyper index ON on input line 6350.
Package hyperref Info: backreferencing OFF on input line 6357.
Package hyperref Info: Link coloring OFF on input line 6362.
Package hyperref Info: Link coloring with OCG OFF on input line 6367.
Package hyperref Info: PDF/A mode OFF on input line 6372.
LaTeX Info: Redefining \ref on input line 6412.
LaTeX Info: Redefining \pageref on input line 6416.
\Hy@abspage=\count192
\c@Item=\count193
\c@Hfootnote=\count194
)

Package hyperref Message: Driver (autodetected): hpdftex.

("C:\Program Files (x86)\MiKTeX 2.9\tex\latex\hyperref\hpdftex.def"
File: hpdftex.def 2016/05/21 v6.83p Hyperref driver for pdfTeX
\Fld@listcount=\count195
\c@bookmark@seq@number=\count196

("C:\Program Files (x86)\MiKTeX 2.9\tex\latex\oberdiek\rerunfilecheck.sty"
Package: rerunfilecheck 2016/05/16 v1.8 Rerun checks for auxiliary files (HO)
Package uniquecounter Info: New unique counter `rerunfilecheck' on input line 2
82.
)
\Hy@SectionHShift=\skip85
)
Package hyperref Info: Option `colorlinks' set `true' on input line 106.


Package hyperref Warning: Option `backref' has already been used,
(hyperref)                setting the option has no effect on input line 106.


Package hyperref Warning: Option `pdftex' has already been used,
(hyperref)                setting the option has no effect on input line 106.

\dirtree@lvl=\count197
\dirtree@plvl=\count198
\dirtree@clvl=\count199
\glswrite=\write7
\glo@main@file=\write8
\openout8 = `thesis.glo'.

Package glossaries Info: Writing glossary file thesis.glo on input line 159.
\glo@acronym@file=\write9
\openout9 = `thesis.acn'.

Package glossaries Info: Writing glossary file thesis.acn on input line 159.
(apendices/glosario.tex)
(C:\Users\Alejandro\AppData\Roaming\MiKTeX\2.9\tex\latex\textpos\textpos.sty
Package: textpos 2016/06/07 v1.8

Package: textpos 2016/06/07 1.8, absolute positioning of text on the page
\TP@textbox=\box72
\TP@holdbox=\box73
\TPHorizModule=\dimen269
\TPVertModule=\dimen270
\TP@margin=\dimen271
\TP@absmargin=\dimen272
Grid set 16 x 16 = 38.39343pt x 49.68562pt
\TPboxrulesize=\dimen273
\TP@ox=\dimen274
\TP@oy=\dimen275
\TP@tbargs=\toks65
\TP@prevdepth=\dimen276
TextBlockOrigin set to 0pt x 0pt
)
(C:\Users\Alejandro\AppData\Roaming\MiKTeX\2.9\tex\latex\enumitem\enumitem.sty
Package: enumitem 2011/09/28 v3.5.2 Customized lists
\labelindent=\skip86
\enit@outerparindent=\dimen277
\enit@toks=\toks66
\enit@inbox=\box74
\enitdp@description=\count266
) (C:\Users\Alejandro\AppData\Roaming\MiKTeX\2.9\tex\latex\listings\lstlang1.st
y
File: lstlang1.sty 2015/06/04 1.6 listings language file
) (C:\Users\Alejandro\AppData\Roaming\MiKTeX\2.9\tex\latex\listings\lstmisc.sty
File: lstmisc.sty 2015/06/04 1.6 (Carsten Heinz)
) ("C:\Program Files (x86)\MiKTeX 2.9\tex\latex\oberdiek\bookmark.sty"
Package: bookmark 2016/05/17 v1.26 PDF bookmarks (HO)

("C:\Program Files (x86)\MiKTeX 2.9\tex\latex\oberdiek\bkm-pdftex.def"
File: bkm-pdftex.def 2016/05/17 v1.26 bookmark driver for pdfTeX (HO)
\BKM@id=\count267
))
(thesis.aux
LaTeX Info: Redefining \. on input line 29.
LaTeX Info: Redefining \% on input line 29.
)
\openout1 = `thesis.aux'.

LaTeX Font Info:    Checking defaults for OML/cmm/m/it on input line 187.
LaTeX Font Info:    ... okay on input line 187.
LaTeX Font Info:    Checking defaults for T1/cmr/m/n on input line 187.
LaTeX Font Info:    ... okay on input line 187.
LaTeX Font Info:    Checking defaults for OT1/cmr/m/n on input line 187.
LaTeX Font Info:    ... okay on input line 187.
LaTeX Font Info:    Checking defaults for OMS/cmsy/m/n on input line 187.
LaTeX Font Info:    ... okay on input line 187.
LaTeX Font Info:    Checking defaults for OMX/cmex/m/n on input line 187.
LaTeX Font Info:    ... okay on input line 187.
LaTeX Font Info:    Checking defaults for U/cmr/m/n on input line 187.
LaTeX Font Info:    ... okay on input line 187.
LaTeX Font Info:    Checking defaults for PD1/pdf/m/n on input line 187.
LaTeX Font Info:    ... okay on input line 187.
\c@lstlisting=\count268

(C:\Users\Alejandro\AppData\Roaming\MiKTeX\2.9\tex\context\base\supp-pdf.mkii
[Loading MPS to PDF converter (version 2006.09.02).]
\scratchcounter=\count269
\scratchdimen=\dimen278
\scratchbox=\box75
\nofMPsegments=\count270
\nofMParguments=\count271
\everyMPshowfont=\toks67
\MPscratchCnt=\count272
\MPscratchDim=\dimen279
\MPnumerator=\count273
\makeMPintoPDFobject=\count274
\everyMPtoPDFconversion=\toks68
) ("C:\Program Files (x86)\MiKTeX 2.9\tex\latex\oberdiek\epstopdf-base.sty"
Package: epstopdf-base 2016/05/15 v2.6 Base part for package epstopdf

("C:\Program Files (x86)\MiKTeX 2.9\tex\latex\oberdiek\grfext.sty"
Package: grfext 2016/05/16 v1.2 Manage graphics extensions (HO)
)
Package grfext Info: Graphics extension search list:
(grfext)             [.png,.pdf,.jpg,.mps,.jpeg,.jbig2,.jb2,.PNG,.PDF,.JPG,.JPE
G,.JBIG2,.JB2,.eps]
(grfext)             \AppendGraphicsExtensions on input line 456.
)
ABD: EveryShipout initializing macros
LaTeX Info: Redefining \. on input line 187.
LaTeX Info: Redefining \% on input line 187.

(C:\Users\Alejandro\AppData\Roaming\MiKTeX\2.9\tex\latex\glossaries-english\glo
ssaries-dictionary-English.dict
Dictionary: glossaries-dictionary, Language: English 
)
(C:\Users\Alejandro\AppData\Roaming\MiKTeX\2.9\tex\latex\glossaries-spanish\glo
ssaries-dictionary-Spanish.dict
Dictionary: glossaries-dictionary, Language: Spanish 
)
Package caption Info: Begin \AtBeginDocument code.
Package caption Info: subfig package v1.3 is loaded.
Package caption Info: hyperref package is loaded.
Package caption Info: supertabular package is loaded.
Package caption Info: End \AtBeginDocument code.
\AtBeginShipoutBox=\box76
Package hyperref Info: Link coloring ON on input line 187.

("C:\Program Files (x86)\MiKTeX 2.9\tex\latex\hyperref\nameref.sty"
Package: nameref 2016/05/21 v2.44 Cross-referencing by name of section

("C:\Program Files (x86)\MiKTeX 2.9\tex\generic\oberdiek\gettitlestring.sty"
Package: gettitlestring 2016/05/16 v1.5 Cleanup title references (HO)
)
\c@section@level=\count275
)
LaTeX Info: Redefining \ref on input line 187.
LaTeX Info: Redefining \pageref on input line 187.
LaTeX Info: Redefining \nameref on input line 187.

(0_portada_main.tex <imagenes/cebolla.png, id=6, 218.31563pt x 164.11313pt>
File: imagenes/cebolla.png Graphic file (type png)

<use imagenes/cebolla.png>
Package pdftex.def Info: imagenes/cebolla.png used on input line 6.
(pdftex.def)             Requested size: 109.15753pt x 82.05635pt.


LaTeX Font Warning: Font shape `OT1/cmr/bx/sc' undefined
(Font)              using `OT1/cmr/bx/n' instead on input line 11.

LaTeX Font Info:    Try loading font information for U+lasy on input line 42.
("C:\Program Files (x86)\MiKTeX 2.9\tex\latex\base\ulasy.fd"
File: ulasy.fd 1998/08/17 v2.2e LaTeX symbol font definitions
)
LaTeX Font Info:    Try loading font information for U+msa on input line 42.

("C:\Program Files (x86)\MiKTeX 2.9\tex\latex\amsfonts\umsa.fd"
File: umsa.fd 2013/01/14 v3.01 AMS symbols A
)
LaTeX Font Info:    Try loading font information for U+msb on input line 42.

("C:\Program Files (x86)\MiKTeX 2.9\tex\latex\amsfonts\umsb.fd"
File: umsb.fd 2013/01/14 v3.01 AMS symbols B
) [1

\openout7 = `thesis.ist'.

{C:/Users/Alejandro/AppData/Local/MiKTeX/2.9/pdftex/config/pdftex.map} <./image
nes/cebolla.png (PNG copy)>]) (0_portada.tex
File: imagenes/cebolla.png Graphic file (type png)
 <use imagenes/cebolla.png>
Package pdftex.def Info: imagenes/cebolla.png used on input line 6.
(pdftex.def)             Requested size: 109.15753pt x 82.05635pt.
pdfTeX warning (ext4): destination with the same identifier (name{page.1}) has 
been already used, duplicate ignored
<to be read again> 
                   \relax 
l.71 \end{titlepage}
                     [1]) (0_resumen.tex) (0_dedicatoria.tex [4] [5])
(0_agradecimientos.tex [6

]) [7] (thesis.toc
LaTeX Info: Redefining \. on input line 1.
LaTeX Info: Redefining \% on input line 1.


Package spanish Warning: Replacing `OT1/cmr/bx/sc' by 
(spanish)                faked small caps on input line 2.


Package spanish Warning: Replacing `OT1/cmr/bx/sc' by 
(spanish)                faked small caps on input line 3.


Package spanish Warning: Replacing `OT1/cmr/bx/sc' by 
(spanish)                faked small caps on input line 4.


Package spanish Warning: Replacing `OT1/cmr/bx/sc' by 
(spanish)                faked small caps on input line 5.

[8

] [9] [10])
\tf@toc=\write10
\openout10 = `thesis.toc'.

 [11] (thesis.lot
LaTeX Info: Redefining \. on input line 1.
LaTeX Info: Redefining \% on input line 1.
)
\tf@lot=\write11
\openout11 = `thesis.lot'.

 [12

] (thesis.lof
LaTeX Info: Redefining \. on input line 1.
LaTeX Info: Redefining \% on input line 1.
)
\tf@lof=\write12
\openout12 = `thesis.lof'.

 [13

] (0_abreviaturas.tex)
[14

] (0_intro.texpdfTeX warning (ext4): destination with the same identifier (name
{page.1}) has been already used, duplicate ignored
<to be read again> 
                   \relax 
l.25 
      [1


] [2]) (1_empresa.tex [3]
Cap\'{\i }tulo 1.
[4

] [5] <imagenes/organigrama.png, id=372, 1512.65125pt x 884.30376pt>
File: imagenes/organigrama.png Graphic file (type png)

<use imagenes/organigrama.png>
Package pdftex.def Info: imagenes/organigrama.png used on input line 47.
(pdftex.def)             Requested size: 453.79887pt x 265.29317pt.
) (2_marco_teorico.tex [6 <./imagenes/organigrama.png>]
Cap\'{\i }tulo 2.
[7

] [8] [9] [10]) (3_marco_metodologico.tex [11]
Cap\'{\i }tulo 3.
[12

] [13]) [14] (4_diseno_conceptual.tex [15]
Cap\'{\i }tulo 4.
[16

] <imagenes/tdx2.jpeg, id=469, 395.4775pt x 309.155pt>
File: imagenes/tdx2.jpeg Graphic file (type png)

<use imagenes/tdx2.jpeg>
Package pdftex.def Info: imagenes/tdx2.jpeg used on input line 63.
(pdftex.def)             Requested size: 296.60739pt x 231.86568pt.
 [17 <./imagenes/tdx2.jpeg>]
<imagenes/tdx.jpeg, id=475, 664.4825pt x 152.57pt>
File: imagenes/tdx.jpeg Graphic file (type png)
 <use imagenes/tdx.jpeg>
Package pdftex.def Info: imagenes/tdx.jpeg used on input line 73.
(pdftex.def)             Requested size: 431.9085pt x 99.16931pt.

[18 <./imagenes/tdx.jpeg>] [19]
<imagenes/cdu.png, id=486, 1206.5075pt x 975.645pt>
File: imagenes/cdu.png Graphic file (type png)
 <use imagenes/cdu.png>
Package pdftex.def Info: imagenes/cdu.png used on input line 135.
(pdftex.def)             Requested size: 506.7297pt x 409.76811pt.

Overfull \hbox (34.69847pt too wide) in paragraph at lines 135--136
 [][] 
 []

<imagenes/ddd.png, id=488, 949.5475pt x 589.20125pt>
File: imagenes/ddd.png Graphic file (type png)
 <use imagenes/ddd.png>
Package pdftex.def Info: imagenes/ddd.png used on input line 145.
(pdftex.def)             Requested size: 474.77258pt x 294.5999pt.

Overfull \hbox (2.74135pt too wide) in paragraph at lines 145--146
 [][] 
 []

[20] [21 <./imagenes/cdu.png>] [22 <./imagenes/ddd.png>] [23]
<imagenes/bd.png, id=509, 649.42625pt x 654.445pt>
File: imagenes/bd.png Graphic file (type png)
 <use imagenes/bd.png>
Package pdftex.def Info: imagenes/bd.png used on input line 193.
(pdftex.def)             Requested size: 324.71233pt x 327.2217pt.
LaTeX Font Info:    Try loading font information for OMS+cmr on input line 201.


("C:\Program Files (x86)\MiKTeX 2.9\tex\latex\base\omscmr.fd"
File: omscmr.fd 2014/09/29 v2.5h Standard LaTeX font definitions
)
LaTeX Font Info:    Font shape `OMS/cmr/m/n' in size <12> not available
(Font)              Font shape `OMS/cmsy/m/n' tried instead on input line 201.
 [24]
Overfull \hbox (6.91722pt too wide) in paragraph at lines 215--216
[]\OT1/cmr/bx/sc/12 phone\OT1/cmr/m/n/12 : nume-ro de con-tac-to del pro-pie-t
a-rio del pa-sa-por-te. Ejem-plo: +584149322879. 
 []

[25 <./imagenes/bd.png>] [26] [27] [28]
<imagenes/login.png, id=539, 1202.99437pt x 589.4522pt>
File: imagenes/login.png Graphic file (type png)

<use imagenes/login.png>
Package pdftex.def Info: imagenes/login.png used on input line 290.
(pdftex.def)             Requested size: 360.9011pt x 176.83702pt.

<imagenes/signup.png, id=540, 1022.31938pt x 589.4522pt>
File: imagenes/signup.png Graphic file (type png)

<use imagenes/signup.png>
Package pdftex.def Info: imagenes/signup.png used on input line 297.
(pdftex.def)             Requested size: 306.69818pt x 176.83702pt.
 [29 <./imagenes/login.png>] [30 <./imagenes/signup.png>] <imagenes/saldopasapo
rte.png, id=556, 1606.0pt x 903.375pt>
File: imagenes/saldopasaporte.png Graphic file (type png)

<use imagenes/saldopasaporte.png>
Package pdftex.def Info: imagenes/saldopasaporte.png used on input line 324.
(pdftex.def)             Requested size: 401.49902pt x 225.8432pt.
 [31 <./imagenes/saldopasaporte.png>]
<imagenes/reet.png, id=563, 1017.8025pt x 545.78906pt>
File: imagenes/reet.png Graphic file (type png)
 <use imagenes/reet.png>
Package pdftex.def Info: imagenes/reet.png used on input line 334.
(pdftex.def)             Requested size: 305.34311pt x 163.73798pt.

<imagenes/reed.png, id=566, 1017.8025pt x 587.19376pt>
File: imagenes/reed.png Graphic file (type png)
 <use imagenes/reed.png>
Package pdftex.def Info: imagenes/reed.png used on input line 346.
(pdftex.def)             Requested size: 305.34311pt x 176.15948pt.

<imagenes/reeh.png, id=567, 1017.04968pt x 548.80031pt>
File: imagenes/reeh.png Graphic file (type png)

<use imagenes/reeh.png>
Package pdftex.def Info: imagenes/reeh.png used on input line 353.
(pdftex.def)             Requested size: 305.11725pt x 164.64136pt.
 [32 <./imagenes/reet.png>] [33 <./imagenes/reed.png> <./imagenes/reeh.png>] <i
magenes/rete.png, id=581, 1023.07219pt x 588.69937pt>
File: imagenes/rete.png Graphic file (type png)

<use imagenes/rete.png>
Package pdftex.def Info: imagenes/rete.png used on input line 379.
(pdftex.def)             Requested size: 306.92403pt x 176.61116pt.

<imagenes/retp.png, id=583, 1024.57782pt x 590.95781pt>
File: imagenes/retp.png Graphic file (type png)

<use imagenes/retp.png>
Package pdftex.def Info: imagenes/retp.png used on input line 394.
(pdftex.def)             Requested size: 307.37572pt x 177.2887pt.

<imagenes/campana.png, id=584, 1024.57782pt x 591.71063pt>
File: imagenes/campana.png Graphic file (type png)

<use imagenes/campana.png>
Package pdftex.def Info: imagenes/campana.png used on input line 403.
(pdftex.def)             Requested size: 307.37572pt x 177.51456pt.
 [34 <./imagenes/rete.png>] [35 <./imagenes/retp.png> <./imagenes/campana.png>]

<imagenes/rpet.png, id=597, 1022.31938pt x 545.78906pt>
File: imagenes/rpet.png Graphic file (type png)

<use imagenes/rpet.png>
Package pdftex.def Info: imagenes/rpet.png used on input line 427.
(pdftex.def)             Requested size: 306.69818pt x 163.73798pt.
 [36]
<imagenes/rped.png, id=605, 1017.04968pt x 588.69937pt>
File: imagenes/rped.png Graphic file (type png)

<use imagenes/rped.png>
Package pdftex.def Info: imagenes/rped.png used on input line 436.
(pdftex.def)             Requested size: 305.11725pt x 176.61116pt.

<imagenes/rpeh.png, id=606, 1023.07219pt x 588.69937pt>
File: imagenes/rpeh.png Graphic file (type png)

<use imagenes/rpeh.png>
Package pdftex.def Info: imagenes/rpeh.png used on input line 443.
(pdftex.def)             Requested size: 306.92403pt x 176.61116pt.
 [37 <./imagenes/rpet.png> <./imagenes/rped.png>]
[38 <./imagenes/rpeh.png>]
<imagenes/principal.png, id=619, 1191.7022pt x 581.92406pt>
File: imagenes/principal.png Graphic file (type png)

<use imagenes/principal.png>
Package pdftex.def Info: imagenes/principal.png used on input line 473.
(pdftex.def)             Requested size: 357.51341pt x 174.57855pt.
 [39 <./imagenes/principal.png>]
<imagenes/soporte.png, id=626, 1021.56656pt x 588.69937pt>
File: imagenes/soporte.png Graphic file (type png)

<use imagenes/soporte.png>
Package pdftex.def Info: imagenes/soporte.png used on input line 483.
(pdftex.def)             Requested size: 306.47234pt x 176.61116pt.
 [40 <./imagenes/soporte.png>]) (10_conclusiones.tex
[41]
Cap\'{\i }tulo 5.
) [42

] (thesis.bbl [43] [44

]) [45]
Ap\'{e}ndice A.
<apendices/TDXDPPRD08DDRTIID.pdf, id=688, 614.295pt x 794.97pt>
File: apendices/TDXDPPRD08DDRTIID.pdf Graphic file (type pdf)

<use apendices/TDXDPPRD08DDRTIID.pdf>
Package pdftex.def Info: apendices/TDXDPPRD08DDRTIID.pdf used on input line 291
.
(pdftex.def)             Requested size: 614.29349pt x 794.96806pt.
File: apendices/TDXDPPRD08DDRTIID.pdf Graphic file (type pdf)
 <use apendices/TDXDPPRD08DDRTIID.pdf>
Package pdftex.def Info: apendices/TDXDPPRD08DDRTIID.pdf used on input line 291
.
(pdftex.def)             Requested size: 614.29349pt x 794.96806pt.

<apendices/TDXDPPRD08DDRTIID.pdf, id=691, page=1, 614.295pt x 794.97pt>
File: apendices/TDXDPPRD08DDRTIID.pdf Graphic file (type pdf)

<use apendices/TDXDPPRD08DDRTIID.pdf, page 1>
Package pdftex.def Info: apendices/TDXDPPRD08DDRTIID.pdf, page1 used on input l
ine 291.
(pdftex.def)             Requested size: 614.29349pt x 794.96806pt.
File: apendices/TDXDPPRD08DDRTIID.pdf Graphic file (type pdf)

<use apendices/TDXDPPRD08DDRTIID.pdf, page 1>
Package pdftex.def Info: apendices/TDXDPPRD08DDRTIID.pdf, page1 used on input l
ine 291.
(pdftex.def)             Requested size: 614.58406pt x 795.3441pt.
 [46

]
File: apendices/TDXDPPRD08DDRTIID.pdf Graphic file (type pdf)

<use apendices/TDXDPPRD08DDRTIID.pdf, page 1>
Package pdftex.def Info: apendices/TDXDPPRD08DDRTIID.pdf, page1 used on input l
ine 291.
(pdftex.def)             Requested size: 614.58406pt x 795.3441pt.
File: apendices/TDXDPPRD08DDRTIID.pdf Graphic file (type pdf)

<use apendices/TDXDPPRD08DDRTIID.pdf, page 1>
Package pdftex.def Info: apendices/TDXDPPRD08DDRTIID.pdf, page1 used on input l
ine 291.
(pdftex.def)             Requested size: 614.58406pt x 795.3441pt.
File: apendices/TDXDPPRD08DDRTIID.pdf Graphic file (type pdf)

<use apendices/TDXDPPRD08DDRTIID.pdf, page 1>
Package pdftex.def Info: apendices/TDXDPPRD08DDRTIID.pdf, page1 used on input l
ine 291.
(pdftex.def)             Requested size: 614.58406pt x 795.3441pt.
 [47 <./apendices/TDXDPPRD08DDRTIID.pdf>]
<apendices/TDXDPPRD08DDRTIID.pdf, id=732, page=2, 614.295pt x 794.97pt>
File: apendices/TDXDPPRD08DDRTIID.pdf Graphic file (type pdf)

<use apendices/TDXDPPRD08DDRTIID.pdf, page 2>
Package pdftex.def Info: apendices/TDXDPPRD08DDRTIID.pdf, page2 used on input l
ine 291.
(pdftex.def)             Requested size: 614.58406pt x 795.3441pt.
File: apendices/TDXDPPRD08DDRTIID.pdf Graphic file (type pdf)

<use apendices/TDXDPPRD08DDRTIID.pdf, page 2>
Package pdftex.def Info: apendices/TDXDPPRD08DDRTIID.pdf, page2 used on input l
ine 291.
(pdftex.def)             Requested size: 614.58406pt x 795.3441pt.
File: apendices/TDXDPPRD08DDRTIID.pdf Graphic file (type pdf)

<use apendices/TDXDPPRD08DDRTIID.pdf, page 2>
Package pdftex.def Info: apendices/TDXDPPRD08DDRTIID.pdf, page2 used on input l
ine 291.
(pdftex.def)             Requested size: 614.58406pt x 795.3441pt.
 [48 <./apendices/TDXDPPRD08DDRTIID.pdf>]
<apendices/TDXDPPRD08DDRTIID.pdf, id=743, page=3, 614.295pt x 794.97pt>
File: apendices/TDXDPPRD08DDRTIID.pdf Graphic file (type pdf)

<use apendices/TDXDPPRD08DDRTIID.pdf, page 3>
Package pdftex.def Info: apendices/TDXDPPRD08DDRTIID.pdf, page3 used on input l
ine 291.
(pdftex.def)             Requested size: 614.58406pt x 795.3441pt.
File: apendices/TDXDPPRD08DDRTIID.pdf Graphic file (type pdf)

<use apendices/TDXDPPRD08DDRTIID.pdf, page 3>
Package pdftex.def Info: apendices/TDXDPPRD08DDRTIID.pdf, page3 used on input l
ine 291.
(pdftex.def)             Requested size: 614.58406pt x 795.3441pt.
File: apendices/TDXDPPRD08DDRTIID.pdf Graphic file (type pdf)

<use apendices/TDXDPPRD08DDRTIID.pdf, page 3>
Package pdftex.def Info: apendices/TDXDPPRD08DDRTIID.pdf, page3 used on input l
ine 291.
(pdftex.def)             Requested size: 614.58406pt x 795.3441pt.
 [49 <./apendices/TDXDPPRD08DDRTIID.pdf>]
<apendices/TDXDPPRD08DDRTIID.pdf, id=752, page=4, 614.295pt x 794.97pt>
File: apendices/TDXDPPRD08DDRTIID.pdf Graphic file (type pdf)

<use apendices/TDXDPPRD08DDRTIID.pdf, page 4>
Package pdftex.def Info: apendices/TDXDPPRD08DDRTIID.pdf, page4 used on input l
ine 291.
(pdftex.def)             Requested size: 614.58406pt x 795.3441pt.
File: apendices/TDXDPPRD08DDRTIID.pdf Graphic file (type pdf)

<use apendices/TDXDPPRD08DDRTIID.pdf, page 4>
Package pdftex.def Info: apendices/TDXDPPRD08DDRTIID.pdf, page4 used on input l
ine 291.
(pdftex.def)             Requested size: 614.58406pt x 795.3441pt.
File: apendices/TDXDPPRD08DDRTIID.pdf Graphic file (type pdf)

<use apendices/TDXDPPRD08DDRTIID.pdf, page 4>
Package pdftex.def Info: apendices/TDXDPPRD08DDRTIID.pdf, page4 used on input l
ine 291.
(pdftex.def)             Requested size: 614.58406pt x 795.3441pt.
 [50 <./apendices/TDXDPPRD08DDRTIID.pdf>]
<apendices/TDXDPPRD08DDRTIID.pdf, id=758, page=5, 614.295pt x 794.97pt>
File: apendices/TDXDPPRD08DDRTIID.pdf Graphic file (type pdf)

<use apendices/TDXDPPRD08DDRTIID.pdf, page 5>
Package pdftex.def Info: apendices/TDXDPPRD08DDRTIID.pdf, page5 used on input l
ine 291.
(pdftex.def)             Requested size: 614.58406pt x 795.3441pt.
File: apendices/TDXDPPRD08DDRTIID.pdf Graphic file (type pdf)

<use apendices/TDXDPPRD08DDRTIID.pdf, page 5>
Package pdftex.def Info: apendices/TDXDPPRD08DDRTIID.pdf, page5 used on input l
ine 291.
(pdftex.def)             Requested size: 614.58406pt x 795.3441pt.
File: apendices/TDXDPPRD08DDRTIID.pdf Graphic file (type pdf)

<use apendices/TDXDPPRD08DDRTIID.pdf, page 5>
Package pdftex.def Info: apendices/TDXDPPRD08DDRTIID.pdf, page5 used on input l
ine 291.
(pdftex.def)             Requested size: 614.58406pt x 795.3441pt.
 [51 <./apendices/TDXDPPRD08DDRTIID.pdf>]
<apendices/TDXDPPRD08DDRTIID.pdf, id=764, page=6, 614.295pt x 794.97pt>
File: apendices/TDXDPPRD08DDRTIID.pdf Graphic file (type pdf)

<use apendices/TDXDPPRD08DDRTIID.pdf, page 6>
Package pdftex.def Info: apendices/TDXDPPRD08DDRTIID.pdf, page6 used on input l
ine 291.
(pdftex.def)             Requested size: 614.58406pt x 795.3441pt.
File: apendices/TDXDPPRD08DDRTIID.pdf Graphic file (type pdf)

<use apendices/TDXDPPRD08DDRTIID.pdf, page 6>
Package pdftex.def Info: apendices/TDXDPPRD08DDRTIID.pdf, page6 used on input l
ine 291.
(pdftex.def)             Requested size: 614.58406pt x 795.3441pt.
File: apendices/TDXDPPRD08DDRTIID.pdf Graphic file (type pdf)

<use apendices/TDXDPPRD08DDRTIID.pdf, page 6>
Package pdftex.def Info: apendices/TDXDPPRD08DDRTIID.pdf, page6 used on input l
ine 291.
(pdftex.def)             Requested size: 614.58406pt x 795.3441pt.
 [52 <./apendices/TDXDPPRD08DDRTIID.pdf>]
<apendices/TDXDPPRD08DDRTIID.pdf, id=778, page=7, 614.295pt x 794.97pt>
File: apendices/TDXDPPRD08DDRTIID.pdf Graphic file (type pdf)

<use apendices/TDXDPPRD08DDRTIID.pdf, page 7>
Package pdftex.def Info: apendices/TDXDPPRD08DDRTIID.pdf, page7 used on input l
ine 291.
(pdftex.def)             Requested size: 614.58406pt x 795.3441pt.
File: apendices/TDXDPPRD08DDRTIID.pdf Graphic file (type pdf)

<use apendices/TDXDPPRD08DDRTIID.pdf, page 7>
Package pdftex.def Info: apendices/TDXDPPRD08DDRTIID.pdf, page7 used on input l
ine 291.
(pdftex.def)             Requested size: 614.58406pt x 795.3441pt.
File: apendices/TDXDPPRD08DDRTIID.pdf Graphic file (type pdf)

<use apendices/TDXDPPRD08DDRTIID.pdf, page 7>
Package pdftex.def Info: apendices/TDXDPPRD08DDRTIID.pdf, page7 used on input l
ine 291.
(pdftex.def)             Requested size: 614.58406pt x 795.3441pt.
 [53 <./apendices/TDXDPPRD08DDRTIID.pdf>]
Ap\'{e}ndice B.
<apendices/TDXDPPRD28DDPTIID.pdf, id=791, 614.295pt x 794.97pt>
File: apendices/TDXDPPRD28DDPTIID.pdf Graphic file (type pdf)

<use apendices/TDXDPPRD28DDPTIID.pdf>
Package pdftex.def Info: apendices/TDXDPPRD28DDPTIID.pdf used on input line 293
.
(pdftex.def)             Requested size: 614.29349pt x 794.96806pt.
File: apendices/TDXDPPRD28DDPTIID.pdf Graphic file (type pdf)
 <use apendices/TDXDPPRD28DDPTIID.pdf>
Package pdftex.def Info: apendices/TDXDPPRD28DDPTIID.pdf used on input line 293
.
(pdftex.def)             Requested size: 614.29349pt x 794.96806pt.

<apendices/TDXDPPRD28DDPTIID.pdf, id=794, page=1, 614.295pt x 794.97pt>
File: apendices/TDXDPPRD28DDPTIID.pdf Graphic file (type pdf)

<use apendices/TDXDPPRD28DDPTIID.pdf, page 1>
Package pdftex.def Info: apendices/TDXDPPRD28DDPTIID.pdf, page1 used on input l
ine 293.
(pdftex.def)             Requested size: 614.29349pt x 794.96806pt.
File: apendices/TDXDPPRD28DDPTIID.pdf Graphic file (type pdf)

<use apendices/TDXDPPRD28DDPTIID.pdf, page 1>
Package pdftex.def Info: apendices/TDXDPPRD28DDPTIID.pdf, page1 used on input l
ine 293.
(pdftex.def)             Requested size: 614.58406pt x 795.3441pt.
 [54

]
File: apendices/TDXDPPRD28DDPTIID.pdf Graphic file (type pdf)

<use apendices/TDXDPPRD28DDPTIID.pdf, page 1>
Package pdftex.def Info: apendices/TDXDPPRD28DDPTIID.pdf, page1 used on input l
ine 293.
(pdftex.def)             Requested size: 614.58406pt x 795.3441pt.
File: apendices/TDXDPPRD28DDPTIID.pdf Graphic file (type pdf)

<use apendices/TDXDPPRD28DDPTIID.pdf, page 1>
Package pdftex.def Info: apendices/TDXDPPRD28DDPTIID.pdf, page1 used on input l
ine 293.
(pdftex.def)             Requested size: 614.58406pt x 795.3441pt.
File: apendices/TDXDPPRD28DDPTIID.pdf Graphic file (type pdf)

<use apendices/TDXDPPRD28DDPTIID.pdf, page 1>
Package pdftex.def Info: apendices/TDXDPPRD28DDPTIID.pdf, page1 used on input l
ine 293.
(pdftex.def)             Requested size: 614.58406pt x 795.3441pt.
 [55 <./apendices/TDXDPPRD28DDPTIID.pdf>]
<apendices/TDXDPPRD28DDPTIID.pdf, id=836, page=2, 614.295pt x 794.97pt>
File: apendices/TDXDPPRD28DDPTIID.pdf Graphic file (type pdf)

<use apendices/TDXDPPRD28DDPTIID.pdf, page 2>
Package pdftex.def Info: apendices/TDXDPPRD28DDPTIID.pdf, page2 used on input l
ine 293.
(pdftex.def)             Requested size: 614.58406pt x 795.3441pt.
File: apendices/TDXDPPRD28DDPTIID.pdf Graphic file (type pdf)

<use apendices/TDXDPPRD28DDPTIID.pdf, page 2>
Package pdftex.def Info: apendices/TDXDPPRD28DDPTIID.pdf, page2 used on input l
ine 293.
(pdftex.def)             Requested size: 614.58406pt x 795.3441pt.
File: apendices/TDXDPPRD28DDPTIID.pdf Graphic file (type pdf)

<use apendices/TDXDPPRD28DDPTIID.pdf, page 2>
Package pdftex.def Info: apendices/TDXDPPRD28DDPTIID.pdf, page2 used on input l
ine 293.
(pdftex.def)             Requested size: 614.58406pt x 795.3441pt.
 [56 <./apendices/TDXDPPRD28DDPTIID.pdf>]
<apendices/TDXDPPRD28DDPTIID.pdf, id=846, page=3, 614.295pt x 794.97pt>
File: apendices/TDXDPPRD28DDPTIID.pdf Graphic file (type pdf)

<use apendices/TDXDPPRD28DDPTIID.pdf, page 3>
Package pdftex.def Info: apendices/TDXDPPRD28DDPTIID.pdf, page3 used on input l
ine 293.
(pdftex.def)             Requested size: 614.58406pt x 795.3441pt.
File: apendices/TDXDPPRD28DDPTIID.pdf Graphic file (type pdf)

<use apendices/TDXDPPRD28DDPTIID.pdf, page 3>
Package pdftex.def Info: apendices/TDXDPPRD28DDPTIID.pdf, page3 used on input l
ine 293.
(pdftex.def)             Requested size: 614.58406pt x 795.3441pt.
File: apendices/TDXDPPRD28DDPTIID.pdf Graphic file (type pdf)

<use apendices/TDXDPPRD28DDPTIID.pdf, page 3>
Package pdftex.def Info: apendices/TDXDPPRD28DDPTIID.pdf, page3 used on input l
ine 293.
(pdftex.def)             Requested size: 614.58406pt x 795.3441pt.
 [57 <./apendices/TDXDPPRD28DDPTIID.pdf>]
<apendices/TDXDPPRD28DDPTIID.pdf, id=863, page=4, 614.295pt x 794.97pt>
File: apendices/TDXDPPRD28DDPTIID.pdf Graphic file (type pdf)

<use apendices/TDXDPPRD28DDPTIID.pdf, page 4>
Package pdftex.def Info: apendices/TDXDPPRD28DDPTIID.pdf, page4 used on input l
ine 293.
(pdftex.def)             Requested size: 614.58406pt x 795.3441pt.
File: apendices/TDXDPPRD28DDPTIID.pdf Graphic file (type pdf)

<use apendices/TDXDPPRD28DDPTIID.pdf, page 4>
Package pdftex.def Info: apendices/TDXDPPRD28DDPTIID.pdf, page4 used on input l
ine 293.
(pdftex.def)             Requested size: 614.58406pt x 795.3441pt.
File: apendices/TDXDPPRD28DDPTIID.pdf Graphic file (type pdf)

<use apendices/TDXDPPRD28DDPTIID.pdf, page 4>
Package pdftex.def Info: apendices/TDXDPPRD28DDPTIID.pdf, page4 used on input l
ine 293.
(pdftex.def)             Requested size: 614.58406pt x 795.3441pt.
 [58 <./apendices/TDXDPPRD28DDPTIID.pdf>]
<apendices/TDXDPPRD28DDPTIID.pdf, id=869, page=5, 614.295pt x 794.97pt>
File: apendices/TDXDPPRD28DDPTIID.pdf Graphic file (type pdf)

<use apendices/TDXDPPRD28DDPTIID.pdf, page 5>
Package pdftex.def Info: apendices/TDXDPPRD28DDPTIID.pdf, page5 used on input l
ine 293.
(pdftex.def)             Requested size: 614.58406pt x 795.3441pt.
File: apendices/TDXDPPRD28DDPTIID.pdf Graphic file (type pdf)

<use apendices/TDXDPPRD28DDPTIID.pdf, page 5>
Package pdftex.def Info: apendices/TDXDPPRD28DDPTIID.pdf, page5 used on input l
ine 293.
(pdftex.def)             Requested size: 614.58406pt x 795.3441pt.
File: apendices/TDXDPPRD28DDPTIID.pdf Graphic file (type pdf)

<use apendices/TDXDPPRD28DDPTIID.pdf, page 5>
Package pdftex.def Info: apendices/TDXDPPRD28DDPTIID.pdf, page5 used on input l
ine 293.
(pdftex.def)             Requested size: 614.58406pt x 795.3441pt.
 [59 <./apendices/TDXDPPRD28DDPTIID.pdf>]
<apendices/TDXDPPRD28DDPTIID.pdf, id=875, page=6, 614.295pt x 794.97pt>
File: apendices/TDXDPPRD28DDPTIID.pdf Graphic file (type pdf)

<use apendices/TDXDPPRD28DDPTIID.pdf, page 6>
Package pdftex.def Info: apendices/TDXDPPRD28DDPTIID.pdf, page6 used on input l
ine 293.
(pdftex.def)             Requested size: 614.58406pt x 795.3441pt.
File: apendices/TDXDPPRD28DDPTIID.pdf Graphic file (type pdf)

<use apendices/TDXDPPRD28DDPTIID.pdf, page 6>
Package pdftex.def Info: apendices/TDXDPPRD28DDPTIID.pdf, page6 used on input l
ine 293.
(pdftex.def)             Requested size: 614.58406pt x 795.3441pt.
File: apendices/TDXDPPRD28DDPTIID.pdf Graphic file (type pdf)

<use apendices/TDXDPPRD28DDPTIID.pdf, page 6>
Package pdftex.def Info: apendices/TDXDPPRD28DDPTIID.pdf, page6 used on input l
ine 293.
(pdftex.def)             Requested size: 614.58406pt x 795.3441pt.
 [60 <./apendices/TDXDPPRD28DDPTIID.pdf>]
<apendices/TDXDPPRD28DDPTIID.pdf, id=882, page=7, 614.295pt x 794.97pt>
File: apendices/TDXDPPRD28DDPTIID.pdf Graphic file (type pdf)

<use apendices/TDXDPPRD28DDPTIID.pdf, page 7>
Package pdftex.def Info: apendices/TDXDPPRD28DDPTIID.pdf, page7 used on input l
ine 293.
(pdftex.def)             Requested size: 614.58406pt x 795.3441pt.
File: apendices/TDXDPPRD28DDPTIID.pdf Graphic file (type pdf)

<use apendices/TDXDPPRD28DDPTIID.pdf, page 7>
Package pdftex.def Info: apendices/TDXDPPRD28DDPTIID.pdf, page7 used on input l
ine 293.
(pdftex.def)             Requested size: 614.58406pt x 795.3441pt.
File: apendices/TDXDPPRD28DDPTIID.pdf Graphic file (type pdf)

<use apendices/TDXDPPRD28DDPTIID.pdf, page 7>
Package pdftex.def Info: apendices/TDXDPPRD28DDPTIID.pdf, page7 used on input l
ine 293.
(pdftex.def)             Requested size: 614.58406pt x 795.3441pt.
 [61 <./apendices/TDXDPPRD28DDPTIID.pdf>]
<apendices/TDXDPPRD28DDPTIID.pdf, id=888, page=8, 614.295pt x 794.97pt>
File: apendices/TDXDPPRD28DDPTIID.pdf Graphic file (type pdf)

<use apendices/TDXDPPRD28DDPTIID.pdf, page 8>
Package pdftex.def Info: apendices/TDXDPPRD28DDPTIID.pdf, page8 used on input l
ine 293.
(pdftex.def)             Requested size: 614.58406pt x 795.3441pt.
File: apendices/TDXDPPRD28DDPTIID.pdf Graphic file (type pdf)

<use apendices/TDXDPPRD28DDPTIID.pdf, page 8>
Package pdftex.def Info: apendices/TDXDPPRD28DDPTIID.pdf, page8 used on input l
ine 293.
(pdftex.def)             Requested size: 614.58406pt x 795.3441pt.
File: apendices/TDXDPPRD28DDPTIID.pdf Graphic file (type pdf)

<use apendices/TDXDPPRD28DDPTIID.pdf, page 8>
Package pdftex.def Info: apendices/TDXDPPRD28DDPTIID.pdf, page8 used on input l
ine 293.
(pdftex.def)             Requested size: 614.58406pt x 795.3441pt.
 [62 <./apendices/TDXDPPRD28DDPTIID.pdf>]
<apendices/TDXDPPRD28DDPTIID.pdf, id=895, page=9, 614.295pt x 794.97pt>
File: apendices/TDXDPPRD28DDPTIID.pdf Graphic file (type pdf)

<use apendices/TDXDPPRD28DDPTIID.pdf, page 9>
Package pdftex.def Info: apendices/TDXDPPRD28DDPTIID.pdf, page9 used on input l
ine 293.
(pdftex.def)             Requested size: 614.58406pt x 795.3441pt.
File: apendices/TDXDPPRD28DDPTIID.pdf Graphic file (type pdf)

<use apendices/TDXDPPRD28DDPTIID.pdf, page 9>
Package pdftex.def Info: apendices/TDXDPPRD28DDPTIID.pdf, page9 used on input l
ine 293.
(pdftex.def)             Requested size: 614.58406pt x 795.3441pt.
File: apendices/TDXDPPRD28DDPTIID.pdf Graphic file (type pdf)

<use apendices/TDXDPPRD28DDPTIID.pdf, page 9>
Package pdftex.def Info: apendices/TDXDPPRD28DDPTIID.pdf, page9 used on input l
ine 293.
(pdftex.def)             Requested size: 614.58406pt x 795.3441pt.
 [63 <./apendices/TDXDPPRD28DDPTIID.pdf>]
<apendices/TDXDPPRD28DDPTIID.pdf, id=901, page=10, 614.295pt x 794.97pt>
File: apendices/TDXDPPRD28DDPTIID.pdf Graphic file (type pdf)

<use apendices/TDXDPPRD28DDPTIID.pdf, page 10>
Package pdftex.def Info: apendices/TDXDPPRD28DDPTIID.pdf, page10 used on input 
line 293.
(pdftex.def)             Requested size: 614.58406pt x 795.3441pt.
File: apendices/TDXDPPRD28DDPTIID.pdf Graphic file (type pdf)

<use apendices/TDXDPPRD28DDPTIID.pdf, page 10>
Package pdftex.def Info: apendices/TDXDPPRD28DDPTIID.pdf, page10 used on input 
line 293.
(pdftex.def)             Requested size: 614.58406pt x 795.3441pt.
File: apendices/TDXDPPRD28DDPTIID.pdf Graphic file (type pdf)

<use apendices/TDXDPPRD28DDPTIID.pdf, page 10>
Package pdftex.def Info: apendices/TDXDPPRD28DDPTIID.pdf, page10 used on input 
line 293.
(pdftex.def)             Requested size: 614.58406pt x 795.3441pt.
 [64 <./apendices/TDXDPPRD28DDPTIID.pdf>]

Package glossaries Warning: No \printglossary or \printglossaries found. 
(Remove \makeglossaries if you don't want any glossaries.) 
This document will not have a glossary.

Package atveryend Info: Empty hook `BeforeClearDocument' on input line 306.
Package atveryend Info: Empty hook `AfterLastShipout' on input line 306.
(thesis.aux
LaTeX Info: Redefining \. on input line 29.
LaTeX Info: Redefining \% on input line 29.
)
Package atveryend Info: Executing hook `AtVeryEndDocument' on input line 306.
Package atveryend Info: Empty hook `AtEndAfterFileList' on input line 306.


LaTeX Font Warning: Some font shapes were not available, defaults substituted.

 ) 
Here is how much of TeX's memory you used:
 31583 strings out of 493335
 593521 string characters out of 3136668
 745060 words of memory out of 3000000
 34172 multiletter control sequences out of 15000+200000
 12154 words of font info for 47 fonts, out of 3000000 for 9000
 1141 hyphenation exceptions out of 8191
 55i,18n,77p,1938b,690s stack positions out of 5000i,500n,10000p,200000b,50000s
<C:/Program Files (x86)/MiKTeX 2.9/fonts/type1/public/amsfonts/cm/cmbx12.pfb>
<C:/Program Files (x86)/MiKTeX 2.9/fonts/type1/public/amsfonts/cm/cmbx8.pfb><C:
/Program Files (x86)/MiKTeX 2.9/fonts/type1/public/amsfonts/cm/cmcsc10.pfb><C:/
Program Files (x86)/MiKTeX 2.9/fonts/type1/public/amsfonts/cm/cmr12.pfb><C:/Pro
gram Files (x86)/MiKTeX 2.9/fonts/type1/public/amsfonts/cm/cmsy10.pfb><C:/Progr
am Files (x86)/MiKTeX 2.9/fonts/type1/public/amsfonts/cm/cmti12.pfb><C:/Program
 Files (x86)/MiKTeX 2.9/fonts/type1/public/amsfonts/cm/cmtt12.pfb>
Output written on thesis.pdf (77 pages, 2342749 bytes).
PDF statistics:
 1328 PDF objects out of 1440 (max. 8388607)
 245 named destinations out of 1000 (max. 500000)
 1145 words of extra memory for PDF output out of 10000 (max. 10000000)

